<?xml version="1.0" encoding="UTF-8" ?>
<testsuite failures="1" time="113.984" errors="0" skipped="0" tests="1" name="TestSuite">
  <properties>
[...]
</properties>
  <testcase time="87.157" classname="com.act_test.Test.ActTest" name="takeAQuiz">
    <failure message="Timed out after 30 seconds: Wait time out for TextView for Correct 110 to be visible
Build info: version: &apos;2.53.0&apos;, revision: &apos;35ae25b1534ae328c771e0856c93e187490ca824&apos;, time: &apos;2016-03-15 10:43:46&apos;
System info: host: &apos;ICPL11544&apos;, ip: &apos;192.168.32.2&apos;, os.name: &apos;Windows 8&apos;, os.arch: &apos;amd64&apos;, os.version: &apos;6.2&apos;, java.version: &apos;1.7.0_51&apos;
Driver info: driver.version: unknown" type="org.openqa.selenium.TimeoutException">org.openqa.selenium.TimeoutException: Timed out after 30 seconds: Wait time out for TextView for Correct 110 to be visible
Build info: version: &apos;2.53.0&apos;, revision: &apos;35ae25b1534ae328c771e0856c93e187490ca824&apos;, time: &apos;2016-03-15 10:43:46&apos;
System info: host: &apos;ICPL11544&apos;, ip: &apos;192.168.32.2&apos;, os.name: &apos;Windows 8&apos;, os.arch: &apos;amd64&apos;, os.version: &apos;6.2&apos;, java.version: &apos;1.7.0_51&apos;
Driver info: driver.version: unknown
	at org.openqa.selenium.support.ui.FluentWait.timeoutException(FluentWait.java:292)
	at org.openqa.selenium.support.ui.FluentWait.until(FluentWait.java:261)
	at com.qmetry.qaf.automation.ui.webdriver.QAFExtendedWebElement.waitForVisible(QAFExtendedWebElement.java:478)
	at com.act_test.Pages.AttemptquestionsTestPage.verifyResult(AttemptquestionsTestPage.java:77)
	at com.act_test.Test.ActTest.takeAQuiz(ActTest.java:45)
Caused by: org.openqa.selenium.TimeoutException: Timed out after 30 seconds waiting for presence of element located by: By.id: com.jquiz.act:id/tvTitle
Build info: version: &apos;2.53.0&apos;, revision: &apos;35ae25b1534ae328c771e0856c93e187490ca824&apos;, time: &apos;2016-03-15 10:43:46&apos;
System info: host: &apos;ICPL11544&apos;, ip: &apos;192.168.32.2&apos;, os.name: &apos;Windows 8&apos;, os.arch: &apos;amd64&apos;, os.version: &apos;6.2&apos;, java.version: &apos;1.7.0_51&apos;
Driver info: driver.version: QAFExtendedWebDriver
	at org.openqa.selenium.support.ui.FluentWait.timeoutException(FluentWait.java:292)
	at org.openqa.selenium.support.ui.FluentWait.until(FluentWait.java:261)
	at com.qmetry.qaf.automation.ui.webdriver.QAFExtendedWebDriver.load(QAFExtendedWebDriver.java:214)
	at com.qmetry.qaf.automation.ui.webdriver.QAFExtendedWebElement.load(QAFExtendedWebElement.java:284)
	at com.qmetry.qaf.automation.ui.webdriver.QAFExtendedWebElement.getId(QAFExtendedWebElement.java:294)
	at com.qmetry.qaf.automation.ui.webdriver.QAFExtendedWebElement.isDisplayed(QAFExtendedWebElement.java:314)
	at com.qmetry.qaf.automation.ui.util.QAFWebElementExpectedConditions$1.apply(QAFWebElementExpectedConditions.java:46)
	at com.qmetry.qaf.automation.ui.util.QAFWebElementExpectedConditions$1.apply(QAFWebElementExpectedConditions.java:1)
	at org.openqa.selenium.support.ui.FluentWait.until(FluentWait.java:238)
	... 36 more
Caused by: org.openqa.selenium.NoSuchElementException: An element could not be located on the page using the given search parameters. (WARNING: The server did not provide any stacktrace information)
Command duration or timeout: 1.38 seconds
For documentation on this error, please visit: http://seleniumhq.org/exceptions/no_such_element.html
Build info: version: &apos;2.53.0&apos;, revision: &apos;35ae25b1534ae328c771e0856c93e187490ca824&apos;, time: &apos;2016-03-15 10:43:46&apos;
System info: host: &apos;ICPL11544&apos;, ip: &apos;192.168.32.2&apos;, os.name: &apos;Windows 8&apos;, os.arch: &apos;amd64&apos;, os.version: &apos;6.2&apos;, java.version: &apos;1.7.0_51&apos;
*** Element info: {Using=id, value=com.jquiz.act:id/tvTitle}
Session ID: dccc593f-50d6-456c-ad2d-cd8419e3cf77
Driver info: com.qmetry.qaf.automation.ui.webdriver.QAFExtendedWebDriver
Capabilities [{automationName=Appium, platform=LINUX, javascriptEnabled=true, driver.class=io.appium.java_client.android.AndroidDriver, appActivity=com.jquiz.act.StartActivity, deviceModel=Samsung Galaxy Note 3 - 4.3 - API 18 - 1080x1920, networkConnectionEnabled=true, desired={automationName=Appium, newCommandTimeout=1000, cssSelectorsEnabled=true, javascriptEnabled=true, deviceName=emulator-5554, platformName=Android, driver.class=io.appium.java_client.android.AndroidDriver, appActivity=com.jquiz.act.StartActivity, appium-version=3.3.0, browser_name=, appPackage=com.jquiz.act, takesScreenshot=true}, locationContextEnabled=false, deviceUDID=192.168.32.101:5555, appPackage=com.jquiz.act, newCommandTimeout=1000, platformVersion=4.3, databaseEnabled=false, cssSelectorsEnabled=true, deviceScreenSize=1080x1920, deviceName=192.168.32.101:5555, platformName=Android, deviceManufacturer=Genymotion, appium-version=3.3.0, browser_name=, webStorageEnabled=false, warnings={}, takesScreenshot=true}]
	at sun.reflect.GeneratedConstructorAccessor13.newInstance(Unknown Source)
	at sun.reflect.DelegatingConstructorAccessorImpl.newInstance(DelegatingConstructorAccessorImpl.java:45)
	at java.lang.reflect.Constructor.newInstance(Constructor.java:526)
	at org.openqa.selenium.remote.ErrorHandler.createThrowable(ErrorHandler.java:206)
	at org.openqa.selenium.remote.ErrorHandler.throwIfResponseFailed(ErrorHandler.java:158)
	at org.openqa.selenium.remote.RemoteWebDriver.execute(RemoteWebDriver.java:678)
	at com.qmetry.qaf.automation.ui.webdriver.QAFExtendedWebDriver.execute(QAFExtendedWebDriver.java:234)
	at org.openqa.selenium.remote.RemoteWebDriver.findElement(RemoteWebDriver.java:363)
	at org.openqa.selenium.remote.RemoteWebDriver.findElementById(RemoteWebDriver.java:413)
	at com.qmetry.qaf.automation.ui.webdriver.QAFExtendedWebDriver.findElementById(QAFExtendedWebDriver.java:371)
	at com.qmetry.qaf.automation.ui.webdriver.QAFExtendedWebDriver.findElementById(QAFExtendedWebDriver.java:1)
	at org.openqa.selenium.By$ById.findElement(By.java:218)
	at org.openqa.selenium.remote.RemoteWebDriver.findElement(RemoteWebDriver.java:355)
	at com.qmetry.qaf.automation.ui.webdriver.QAFExtendedWebDriver.findElement(QAFExtendedWebDriver.java:169)
	at com.qmetry.qaf.automation.ui.webdriver.QAFExtendedWebDriver.findElement(QAFExtendedWebDriver.java:1)
	at org.openqa.selenium.support.ui.ExpectedConditions.findElement(ExpectedConditions.java:911)
	at org.openqa.selenium.support.ui.ExpectedConditions.access$000(ExpectedConditions.java:41)
	at org.openqa.selenium.support.ui.ExpectedConditions$6.apply(ExpectedConditions.java:181)
	at org.openqa.selenium.support.ui.ExpectedConditions$6.apply(ExpectedConditions.java:178)
	at org.openqa.selenium.support.ui.FluentWait.until(FluentWait.java:238)
	... 43 more
</failure>
    <system-out>[ConfigurationManager] - ISFW build info: {qaf-Build-Time=03-Jan-2017 14:01:00, qaf-Revision=10, qaf-Type=core, qaf-Version=2.1}
[ConfigurationManager] - Resource dir: D:\ACT_Test_TM\resources. Found property files to load: 3
[ConfigurationManager] - Resource dir: D:\ACT_Test_TM\resources. Found property files to load: 0
[QAFTestBase] - Initializing Driver...browser_str:appiumDriver,base_url:http://localhost:4723/wd/hub,sel_server:localhost,port:4723
[UiDriverFactory] - Driver: appiumDriver
driver init done
[WebDriverCommandLogger] - Executing findElements parameters: {&quot;using&quot;:&quot;id&quot;,&quot;value&quot;:&quot;com.jquiz.act:id/tvLoading&quot;}
[WebDriverCommandLogger] - command: findElements[ param-1: {using=id, value=com.jquiz.act:id/tvLoading}] Result: [id: 1]
[WebDriverCommandLogger] - Executing findElement parameters: {&quot;using&quot;:&quot;id&quot;,&quot;value&quot;:&quot;com.jquiz.act:id/tvLoading&quot;}
[WebDriverCommandLogger] - command: findElement[ param-1: {using=id, value=com.jquiz.act:id/tvLoading}] Result: id: 2
[WebDriverCommandLogger] - Executing isElementDisplayed element: By.id: com.jquiz.act:id/tvLoading parameters: {&quot;id&quot;:&quot;2&quot;}
[WebDriverCommandLogger] - command: isElementDisplayed[ param-1: By.id: com.jquiz.act:id/tvLoading param-2: {&quot;id&quot;:&quot;2&quot;}] Result: isElementDisplayed:true
[WebDriverCommandLogger] - Executing findElements parameters: {&quot;using&quot;:&quot;id&quot;,&quot;value&quot;:&quot;com.jquiz.act:id/tvLoading&quot;}
[WebDriverCommandLogger] - command: findElements[ param-1: {using=id, value=com.jquiz.act:id/tvLoading}] Result: [id: 3]
[WebDriverCommandLogger] - Executing findElement parameters: {&quot;using&quot;:&quot;id&quot;,&quot;value&quot;:&quot;com.jquiz.act:id/tvLoading&quot;}
[WebDriverCommandLogger] - command: findElement[ param-1: {using=id, value=com.jquiz.act:id/tvLoading}] Result: id: 4
[WebDriverCommandLogger] - Executing isElementDisplayed element: By.id: com.jquiz.act:id/tvLoading parameters: {&quot;id&quot;:&quot;4&quot;}
[WebDriverCommandLogger] - command: isElementDisplayed[ param-1: By.id: com.jquiz.act:id/tvLoading param-2: {&quot;id&quot;:&quot;4&quot;}] Result: isElementDisplayed:true
[WebDriverCommandLogger] - Executing findElements parameters: {&quot;using&quot;:&quot;id&quot;,&quot;value&quot;:&quot;com.jquiz.act:id/tvLoading&quot;}
[WebDriverCommandLogger] - command: findElements[ param-1: {using=id, value=com.jquiz.act:id/tvLoading}] Result: [id: 5]
[WebDriverCommandLogger] - Executing findElement parameters: {&quot;using&quot;:&quot;id&quot;,&quot;value&quot;:&quot;com.jquiz.act:id/tvLoading&quot;}
[WebDriverCommandLogger] - command: findElement[ param-1: {using=id, value=com.jquiz.act:id/tvLoading}] Result: id: 6
[WebDriverCommandLogger] - Executing isElementDisplayed element: By.id: com.jquiz.act:id/tvLoading parameters: {&quot;id&quot;:&quot;6&quot;}
[WebDriverCommandLogger] - command: isElementDisplayed[ param-1: By.id: com.jquiz.act:id/tvLoading param-2: {&quot;id&quot;:&quot;6&quot;}] Result: isElementDisplayed:true
[WebDriverCommandLogger] - Executing findElements parameters: {&quot;using&quot;:&quot;id&quot;,&quot;value&quot;:&quot;com.jquiz.act:id/tvLoading&quot;}
[WebDriverCommandLogger] - command: findElements[ param-1: {using=id, value=com.jquiz.act:id/tvLoading}] Result: [id: 7]
[WebDriverCommandLogger] - Executing findElement parameters: {&quot;using&quot;:&quot;id&quot;,&quot;value&quot;:&quot;com.jquiz.act:id/tvLoading&quot;}
[WebDriverCommandLogger] - command: findElement[ param-1: {using=id, value=com.jquiz.act:id/tvLoading}] Result: id: 8
[WebDriverCommandLogger] - Executing isElementDisplayed element: By.id: com.jquiz.act:id/tvLoading parameters: {&quot;id&quot;:&quot;8&quot;}
[WebDriverCommandLogger] - command: isElementDisplayed[ param-1: By.id: com.jquiz.act:id/tvLoading param-2: {&quot;id&quot;:&quot;8&quot;}] Result: isElementDisplayed:true
[WebDriverCommandLogger] - Executing findElements parameters: {&quot;using&quot;:&quot;id&quot;,&quot;value&quot;:&quot;com.jquiz.act:id/tvLoading&quot;}
[WebDriverCommandLogger] - command: findElements[ param-1: {using=id, value=com.jquiz.act:id/tvLoading}] Result: [id: 9]
[WebDriverCommandLogger] - Executing findElement parameters: {&quot;using&quot;:&quot;id&quot;,&quot;value&quot;:&quot;com.jquiz.act:id/tvLoading&quot;}
[WebDriverCommandLogger] - command: findElement[ param-1: {using=id, value=com.jquiz.act:id/tvLoading}] Result: id: 10
[WebDriverCommandLogger] - Executing isElementDisplayed element: By.id: com.jquiz.act:id/tvLoading parameters: {&quot;id&quot;:&quot;10&quot;}
[WebDriverCommandLogger] - command: isElementDisplayed[ param-1: By.id: com.jquiz.act:id/tvLoading param-2: {&quot;id&quot;:&quot;10&quot;}] Result: isElementDisplayed:true
[WebDriverCommandLogger] - Executing findElements parameters: {&quot;using&quot;:&quot;id&quot;,&quot;value&quot;:&quot;com.jquiz.act:id/tvLoading&quot;}
[WebDriverCommandLogger] - command: findElements[ param-1: {using=id, value=com.jquiz.act:id/tvLoading}] Result: [id: 11]
[WebDriverCommandLogger] - Executing findElement parameters: {&quot;using&quot;:&quot;id&quot;,&quot;value&quot;:&quot;com.jquiz.act:id/tvLoading&quot;}
[WebDriverCommandLogger] - command: findElement[ param-1: {using=id, value=com.jquiz.act:id/tvLoading}] Result: id: 12
[WebDriverCommandLogger] - Executing isElementDisplayed element: By.id: com.jquiz.act:id/tvLoading parameters: {&quot;id&quot;:&quot;12&quot;}
[WebDriverCommandLogger] - command: isElementDisplayed[ param-1: By.id: com.jquiz.act:id/tvLoading param-2: {&quot;id&quot;:&quot;12&quot;}] Result: isElementDisplayed:true
[WebDriverCommandLogger] - Executing findElements parameters: {&quot;using&quot;:&quot;id&quot;,&quot;value&quot;:&quot;com.jquiz.act:id/tvLoading&quot;}
[WebDriverCommandLogger] - command: findElements[ param-1: {using=id, value=com.jquiz.act:id/tvLoading}] Result: [id: 13]
[WebDriverCommandLogger] - Executing findElement parameters: {&quot;using&quot;:&quot;id&quot;,&quot;value&quot;:&quot;com.jquiz.act:id/tvLoading&quot;}
[WebDriverCommandLogger] - command: findElement[ param-1: {using=id, value=com.jquiz.act:id/tvLoading}] Result: id: 14
[WebDriverCommandLogger] - Executing isElementDisplayed element: By.id: com.jquiz.act:id/tvLoading parameters: {&quot;id&quot;:&quot;14&quot;}
[WebDriverCommandLogger] - command: isElementDisplayed[ param-1: By.id: com.jquiz.act:id/tvLoading param-2: {&quot;id&quot;:&quot;14&quot;}] Result: isElementDisplayed:true
[WebDriverCommandLogger] - Executing findElements parameters: {&quot;using&quot;:&quot;id&quot;,&quot;value&quot;:&quot;com.jquiz.act:id/tvLoading&quot;}
[WebDriverCommandLogger] - command: findElements[ param-1: {using=id, value=com.jquiz.act:id/tvLoading}] Result: [id: 15]
[WebDriverCommandLogger] - Executing findElement parameters: {&quot;using&quot;:&quot;id&quot;,&quot;value&quot;:&quot;com.jquiz.act:id/tvLoading&quot;}
[WebDriverCommandLogger] - command: findElement[ param-1: {using=id, value=com.jquiz.act:id/tvLoading}] Result: id: 16
[WebDriverCommandLogger] - Executing isElementDisplayed element: By.id: com.jquiz.act:id/tvLoading parameters: {&quot;id&quot;:&quot;16&quot;}
[WebDriverCommandLogger] - command: isElementDisplayed[ param-1: By.id: com.jquiz.act:id/tvLoading param-2: {&quot;id&quot;:&quot;16&quot;}] Result: isElementDisplayed:true
[WebDriverCommandLogger] - Executing findElements parameters: {&quot;using&quot;:&quot;id&quot;,&quot;value&quot;:&quot;com.jquiz.act:id/tvLoading&quot;}
[WebDriverCommandLogger] - command: findElements[ param-1: {using=id, value=com.jquiz.act:id/tvLoading}] Result: []
[WebDriverCommandLogger] - Executing findElements parameters: {&quot;using&quot;:&quot;xpath&quot;,&quot;value&quot;:&quot;//android.widget.ImageView&quot;}
[WebDriverCommandLogger] - command: findElements[ param-1: {using=xpath, value=//android.widget.ImageView}] Result: [id: 17, id: 18, id: 19, id: 20, id: 21, id: 22, id: 23, id: 24, id: 25]
false
[WebDriverCommandLogger] - Executing findElements parameters: {&quot;using&quot;:&quot;xpath&quot;,&quot;value&quot;:&quot;//android.widget.ImageView&quot;}
[WebDriverCommandLogger] - command: findElements[ param-1: {using=xpath, value=//android.widget.ImageView}] Result: [id: 26, id: 27, id: 28, id: 29, id: 30, id: 31, id: 32, id: 33, id: 34]
9&lt;-------------------------------------------------------size
[WebDriverCommandLogger] - Executing findElements parameters: {&quot;using&quot;:&quot;xpath&quot;,&quot;value&quot;:&quot;//android.widget.ImageView&quot;}
[WebDriverCommandLogger] - command: findElements[ param-1: {using=xpath, value=//android.widget.ImageView}] Result: [id: 35, id: 36, id: 37, id: 38, id: 39, id: 40, id: 41, id: 42, id: 43]
[WebDriverCommandLogger] - Executing clickElement element: By.xpath: //android.widget.ImageView parameters: {&quot;id&quot;:&quot;36&quot;}
[WebDriverCommandLogger] - command: clickElement[ param-1: By.xpath: //android.widget.ImageView param-2: {&quot;id&quot;:&quot;36&quot;}] Result: clickElement:true
1
[WebDriverCommandLogger] - Executing findElement parameters: {&quot;using&quot;:&quot;xpath&quot;,&quot;value&quot;:&quot;//android.widget.TextView[@text=&apos;Take a quiz&apos;]&quot;}
[WebDriverCommandLogger] - command: findElement[ param-1: {using=xpath, value=//android.widget.TextView[@text=&apos;Take a quiz&apos;]}] Result: id: 44
[WebDriverCommandLogger] - Executing getElementText element: By.xpath: //android.widget.TextView[@text=&apos;Take a quiz&apos;] parameters: {&quot;id&quot;:&quot;44&quot;}
[WebDriverCommandLogger] - command: getElementText[ param-1: By.xpath: //android.widget.TextView[@text=&apos;Take a quiz&apos;] param-2: {&quot;id&quot;:&quot;44&quot;}] Result: getElementText:Take a quiz

Expected: a string containing &quot;Take a quiz&quot;
     Actual: was &quot;Take a quiz&quot;
[WebDriverCommandLogger] - Executing screenshot parameters: {}
[QAFTestBase] - Capturing screen shottakeAQuiz_nipoockeg6bw32347.png
[WebDriverCommandLogger] - Executing findElements parameters: {&quot;using&quot;:&quot;xpath&quot;,&quot;value&quot;:&quot;//android.widget.Button[@text=&apos;Start&apos;]&quot;}
[WebDriverCommandLogger] - command: findElements[ param-1: {using=xpath, value=//android.widget.Button[@text=&apos;Start&apos;]}] Result: [id: 45]
[WebDriverCommandLogger] - Executing findElement parameters: {&quot;using&quot;:&quot;xpath&quot;,&quot;value&quot;:&quot;//android.widget.Button[@text=&apos;Start&apos;]&quot;}
[WebDriverCommandLogger] - command: findElement[ param-1: {using=xpath, value=//android.widget.Button[@text=&apos;Start&apos;]}] Result: id: 46
[WebDriverCommandLogger] - Executing isElementDisplayed element: By.xpath: //android.widget.Button[@text=&apos;Start&apos;] parameters: {&quot;id&quot;:&quot;46&quot;}
[WebDriverCommandLogger] - command: isElementDisplayed[ param-1: By.xpath: //android.widget.Button[@text=&apos;Start&apos;] param-2: {&quot;id&quot;:&quot;46&quot;}] Result: isElementDisplayed:true
[WebDriverCommandLogger] - Executing findElement parameters: {&quot;using&quot;:&quot;xpath&quot;,&quot;value&quot;:&quot;//android.widget.Button[@text=&apos;Start&apos;]&quot;}
[WebDriverCommandLogger] - command: findElement[ param-1: {using=xpath, value=//android.widget.Button[@text=&apos;Start&apos;]}] Result: id: 47
[WebDriverCommandLogger] - Executing clickElement element: By.xpath: //android.widget.Button[@text=&apos;Start&apos;] parameters: {&quot;id&quot;:&quot;47&quot;}
[WebDriverCommandLogger] - command: clickElement[ param-1: By.xpath: //android.widget.Button[@text=&apos;Start&apos;] param-2: {&quot;id&quot;:&quot;47&quot;}] Result: clickElement:true
[WebDriverCommandLogger] - Executing findElements parameters: {&quot;using&quot;:&quot;xpath&quot;,&quot;value&quot;:&quot;//android.widget.HorizontalScrollView//android.widget.TextView&quot;}
[WebDriverCommandLogger] - command: findElements[ param-1: {using=xpath, value=//android.widget.HorizontalScrollView//android.widget.TextView}] Result: []
[WebDriverCommandLogger] - Executing findElements parameters: {&quot;using&quot;:&quot;id&quot;,&quot;value&quot;:&quot;com.jquiz.act:id/tvTitle&quot;}
[WebDriverCommandLogger] - command: findElements[ param-1: {using=id, value=com.jquiz.act:id/tvTitle}] Result: [id: 48]
[WebDriverCommandLogger] - Executing findElement parameters: {&quot;using&quot;:&quot;id&quot;,&quot;value&quot;:&quot;com.jquiz.act:id/tvTitle&quot;}
[WebDriverCommandLogger] - command: findElement[ param-1: {using=id, value=com.jquiz.act:id/tvTitle}] Result: An element could not be located on the page using the given search parameters. (WARNING: The server did not provide any stacktrace information)
Command duration or timeout: 2.19 seconds
For documentation on this error, please visit: http://seleniumhq.org/exceptions/no_such_element.html
Build info: version: &apos;2.53.0&apos;, revision: &apos;35ae25b1534ae328c771e0856c93e187490ca824&apos;, time: &apos;2016-03-15 10:43:46&apos;
System info: host: &apos;ICPL11544&apos;, ip: &apos;192.168.32.2&apos;, os.name: &apos;Windows 8&apos;, os.arch: &apos;amd64&apos;, os.version: &apos;6.2&apos;, java.version: &apos;1.7.0_51&apos;
*** Element info: {Using=id, value=com.jquiz.act:id/tvTitle}
Session ID: dccc593f-50d6-456c-ad2d-cd8419e3cf77
Driver info: com.qmetry.qaf.automation.ui.webdriver.QAFExtendedWebDriver
Capabilities [{automationName=Appium, platform=LINUX, javascriptEnabled=true, driver.class=io.appium.java_client.android.AndroidDriver, appActivity=com.jquiz.act.StartActivity, deviceModel=Samsung Galaxy Note 3 - 4.3 - API 18 - 1080x1920, networkConnectionEnabled=true, desired={automationName=Appium, newCommandTimeout=1000, cssSelectorsEnabled=true, javascriptEnabled=true, deviceName=emulator-5554, platformName=Android, driver.class=io.appium.java_client.android.AndroidDriver, appActivity=com.jquiz.act.StartActivity, appium-version=3.3.0, browser_name=, appPackage=com.jquiz.act, takesScreenshot=true}, locationContextEnabled=false, deviceUDID=192.168.32.101:5555, appPackage=com.jquiz.act, newCommandTimeout=1000, platformVersion=4.3, databaseEnabled=false, cssSelectorsEnabled=true, deviceScreenSize=1080x1920, deviceName=192.168.32.101:5555, platformName=Android, deviceManufacturer=Genymotion, appium-version=3.3.0, browser_name=, webStorageEnabled=false, warnings={}, takesScreenshot=true}]
[WebDriverCommandLogger] - Executing findElement parameters: {&quot;using&quot;:&quot;id&quot;,&quot;value&quot;:&quot;com.jquiz.act:id/tvTitle&quot;}
[WebDriverCommandLogger] - command: findElement[ param-1: {using=id, value=com.jquiz.act:id/tvTitle}] Result: An element could not be located on the page using the given search parameters. (WARNING: The server did not provide any stacktrace information)
Command duration or timeout: 399 milliseconds
For documentation on this error, please visit: http://seleniumhq.org/exceptions/no_such_element.html
Build info: version: &apos;2.53.0&apos;, revision: &apos;35ae25b1534ae328c771e0856c93e187490ca824&apos;, time: &apos;2016-03-15 10:43:46&apos;
System info: host: &apos;ICPL11544&apos;, ip: &apos;192.168.32.2&apos;, os.name: &apos;Windows 8&apos;, os.arch: &apos;amd64&apos;, os.version: &apos;6.2&apos;, java.version: &apos;1.7.0_51&apos;
*** Element info: {Using=id, value=com.jquiz.act:id/tvTitle}
Session ID: dccc593f-50d6-456c-ad2d-cd8419e3cf77
Driver info: com.qmetry.qaf.automation.ui.webdriver.QAFExtendedWebDriver
Capabilities [{automationName=Appium, platform=LINUX, javascriptEnabled=true, driver.class=io.appium.java_client.android.AndroidDriver, appActivity=com.jquiz.act.StartActivity, deviceModel=Samsung Galaxy Note 3 - 4.3 - API 18 - 1080x1920, networkConnectionEnabled=true, desired={automationName=Appium, newCommandTimeout=1000, cssSelectorsEnabled=true, javascriptEnabled=true, deviceName=emulator-5554, platformName=Android, driver.class=io.appium.java_client.android.AndroidDriver, appActivity=com.jquiz.act.StartActivity, appium-version=3.3.0, browser_name=, appPackage=com.jquiz.act, takesScreenshot=true}, locationContextEnabled=false, deviceUDID=192.168.32.101:5555, appPackage=com.jquiz.act, newCommandTimeout=1000, platformVersion=4.3, databaseEnabled=false, cssSelectorsEnabled=true, deviceScreenSize=1080x1920, deviceName=192.168.32.101:5555, platformName=Android, deviceManufacturer=Genymotion, appium-version=3.3.0, browser_name=, webStorageEnabled=false, warnings={}, takesScreenshot=true}]
[WebDriverCommandLogger] - Executing findElement parameters: {&quot;using&quot;:&quot;id&quot;,&quot;value&quot;:&quot;com.jquiz.act:id/tvTitle&quot;}
[WebDriverCommandLogger] - command: findElement[ param-1: {using=id, value=com.jquiz.act:id/tvTitle}] Result: An element could not be located on the page using the given search parameters. (WARNING: The server did not provide any stacktrace information)
Command duration or timeout: 308 milliseconds
For documentation on this error, please visit: http://seleniumhq.org/exceptions/no_such_element.html
Build info: version: &apos;2.53.0&apos;, revision: &apos;35ae25b1534ae328c771e0856c93e187490ca824&apos;, time: &apos;2016-03-15 10:43:46&apos;
System info: host: &apos;ICPL11544&apos;, ip: &apos;192.168.32.2&apos;, os.name: &apos;Windows 8&apos;, os.arch: &apos;amd64&apos;, os.version: &apos;6.2&apos;, java.version: &apos;1.7.0_51&apos;
*** Element info: {Using=id, value=com.jquiz.act:id/tvTitle}
Session ID: dccc593f-50d6-456c-ad2d-cd8419e3cf77
Driver info: com.qmetry.qaf.automation.ui.webdriver.QAFExtendedWebDriver
Capabilities [{automationName=Appium, platform=LINUX, javascriptEnabled=true, driver.class=io.appium.java_client.android.AndroidDriver, appActivity=com.jquiz.act.StartActivity, deviceModel=Samsung Galaxy Note 3 - 4.3 - API 18 - 1080x1920, networkConnectionEnabled=true, desired={automationName=Appium, newCommandTimeout=1000, cssSelectorsEnabled=true, javascriptEnabled=true, deviceName=emulator-5554, platformName=Android, driver.class=io.appium.java_client.android.AndroidDriver, appActivity=com.jquiz.act.StartActivity, appium-version=3.3.0, browser_name=, appPackage=com.jquiz.act, takesScreenshot=true}, locationContextEnabled=false, deviceUDID=192.168.32.101:5555, appPackage=com.jquiz.act, newCommandTimeout=1000, platformVersion=4.3, databaseEnabled=false, cssSelectorsEnabled=true, deviceScreenSize=1080x1920, deviceName=192.168.32.101:5555, platformName=Android, deviceManufacturer=Genymotion, appium-version=3.3.0, browser_name=, webStorageEnabled=false, warnings={}, takesScreenshot=true}]
[WebDriverCommandLogger] - Executing findElement parameters: {&quot;using&quot;:&quot;id&quot;,&quot;value&quot;:&quot;com.jquiz.act:id/tvTitle&quot;}
[WebDriverCommandLogger] - command: findElement[ param-1: {using=id, value=com.jquiz.act:id/tvTitle}] Result: An element could not be located on the page using the given search parameters. (WARNING: The server did not provide any stacktrace information)
Command duration or timeout: 361 milliseconds
For documentation on this error, please visit: http://seleniumhq.org/exceptions/no_such_element.html
Build info: version: &apos;2.53.0&apos;, revision: &apos;35ae25b1534ae328c771e0856c93e187490ca824&apos;, time: &apos;2016-03-15 10:43:46&apos;
System info: host: &apos;ICPL11544&apos;, ip: &apos;192.168.32.2&apos;, os.name: &apos;Windows 8&apos;, os.arch: &apos;amd64&apos;, os.version: &apos;6.2&apos;, java.version: &apos;1.7.0_51&apos;
*** Element info: {Using=id, value=com.jquiz.act:id/tvTitle}
Session ID: dccc593f-50d6-456c-ad2d-cd8419e3cf77
Driver info: com.qmetry.qaf.automation.ui.webdriver.QAFExtendedWebDriver
Capabilities [{automationName=Appium, platform=LINUX, javascriptEnabled=true, driver.class=io.appium.java_client.android.AndroidDriver, appActivity=com.jquiz.act.StartActivity, deviceModel=Samsung Galaxy Note 3 - 4.3 - API 18 - 1080x1920, networkConnectionEnabled=true, desired={automationName=Appium, newCommandTimeout=1000, cssSelectorsEnabled=true, javascriptEnabled=true, deviceName=emulator-5554, platformName=Android, driver.class=io.appium.java_client.android.AndroidDriver, appActivity=com.jquiz.act.StartActivity, appium-version=3.3.0, browser_name=, appPackage=com.jquiz.act, takesScreenshot=true}, locationContextEnabled=false, deviceUDID=192.168.32.101:5555, appPackage=com.jquiz.act, newCommandTimeout=1000, platformVersion=4.3, databaseEnabled=false, cssSelectorsEnabled=true, deviceScreenSize=1080x1920, deviceName=192.168.32.101:5555, platformName=Android, deviceManufacturer=Genymotion, appium-version=3.3.0, browser_name=, webStorageEnabled=false, warnings={}, takesScreenshot=true}]
[WebDriverCommandLogger] - Executing findElement parameters: {&quot;using&quot;:&quot;id&quot;,&quot;value&quot;:&quot;com.jquiz.act:id/tvTitle&quot;}
[WebDriverCommandLogger] - command: findElement[ param-1: {using=id, value=com.jquiz.act:id/tvTitle}] Result: An element could not be located on the page using the given search parameters. (WARNING: The server did not provide any stacktrace information)
Command duration or timeout: 468 milliseconds
For documentation on this error, please visit: http://seleniumhq.org/exceptions/no_such_element.html
Build info: version: &apos;2.53.0&apos;, revision: &apos;35ae25b1534ae328c771e0856c93e187490ca824&apos;, time: &apos;2016-03-15 10:43:46&apos;
System info: host: &apos;ICPL11544&apos;, ip: &apos;192.168.32.2&apos;, os.name: &apos;Windows 8&apos;, os.arch: &apos;amd64&apos;, os.version: &apos;6.2&apos;, java.version: &apos;1.7.0_51&apos;
*** Element info: {Using=id, value=com.jquiz.act:id/tvTitle}
Session ID: dccc593f-50d6-456c-ad2d-cd8419e3cf77
Driver info: com.qmetry.qaf.automation.ui.webdriver.QAFExtendedWebDriver
Capabilities [{automationName=Appium, platform=LINUX, javascriptEnabled=true, driver.class=io.appium.java_client.android.AndroidDriver, appActivity=com.jquiz.act.StartActivity, deviceModel=Samsung Galaxy Note 3 - 4.3 - API 18 - 1080x1920, networkConnectionEnabled=true, desired={automationName=Appium, newCommandTimeout=1000, cssSelectorsEnabled=true, javascriptEnabled=true, deviceName=emulator-5554, platformName=Android, driver.class=io.appium.java_client.android.AndroidDriver, appActivity=com.jquiz.act.StartActivity, appium-version=3.3.0, browser_name=, appPackage=com.jquiz.act, takesScreenshot=true}, locationContextEnabled=false, deviceUDID=192.168.32.101:5555, appPackage=com.jquiz.act, newCommandTimeout=1000, platformVersion=4.3, databaseEnabled=false, cssSelectorsEnabled=true, deviceScreenSize=1080x1920, deviceName=192.168.32.101:5555, platformName=Android, deviceManufacturer=Genymotion, appium-version=3.3.0, browser_name=, webStorageEnabled=false, warnings={}, takesScreenshot=true}]
[WebDriverCommandLogger] - Executing findElement parameters: {&quot;using&quot;:&quot;id&quot;,&quot;value&quot;:&quot;com.jquiz.act:id/tvTitle&quot;}
[WebDriverCommandLogger] - command: findElement[ param-1: {using=id, value=com.jquiz.act:id/tvTitle}] Result: An element could not be located on the page using the given search parameters. (WARNING: The server did not provide any stacktrace information)
Command duration or timeout: 682 milliseconds
For documentation on this error, please visit: http://seleniumhq.org/exceptions/no_such_element.html
Build info: version: &apos;2.53.0&apos;, revision: &apos;35ae25b1534ae328c771e0856c93e187490ca824&apos;, time: &apos;2016-03-15 10:43:46&apos;
System info: host: &apos;ICPL11544&apos;, ip: &apos;192.168.32.2&apos;, os.name: &apos;Windows 8&apos;, os.arch: &apos;amd64&apos;, os.version: &apos;6.2&apos;, java.version: &apos;1.7.0_51&apos;
*** Element info: {Using=id, value=com.jquiz.act:id/tvTitle}
Session ID: dccc593f-50d6-456c-ad2d-cd8419e3cf77
Driver info: com.qmetry.qaf.automation.ui.webdriver.QAFExtendedWebDriver
Capabilities [{automationName=Appium, platform=LINUX, javascriptEnabled=true, driver.class=io.appium.java_client.android.AndroidDriver, appActivity=com.jquiz.act.StartActivity, deviceModel=Samsung Galaxy Note 3 - 4.3 - API 18 - 1080x1920, networkConnectionEnabled=true, desired={automationName=Appium, newCommandTimeout=1000, cssSelectorsEnabled=true, javascriptEnabled=true, deviceName=emulator-5554, platformName=Android, driver.class=io.appium.java_client.android.AndroidDriver, appActivity=com.jquiz.act.StartActivity, appium-version=3.3.0, browser_name=, appPackage=com.jquiz.act, takesScreenshot=true}, locationContextEnabled=false, deviceUDID=192.168.32.101:5555, appPackage=com.jquiz.act, newCommandTimeout=1000, platformVersion=4.3, databaseEnabled=false, cssSelectorsEnabled=true, deviceScreenSize=1080x1920, deviceName=192.168.32.101:5555, platformName=Android, deviceManufacturer=Genymotion, appium-version=3.3.0, browser_name=, webStorageEnabled=false, warnings={}, takesScreenshot=true}]
[WebDriverCommandLogger] - Executing findElement parameters: {&quot;using&quot;:&quot;id&quot;,&quot;value&quot;:&quot;com.jquiz.act:id/tvTitle&quot;}
[WebDriverCommandLogger] - command: findElement[ param-1: {using=id, value=com.jquiz.act:id/tvTitle}] Result: An element could not be located on the page using the given search parameters. (WARNING: The server did not provide any stacktrace information)
Command duration or timeout: 1.20 seconds
For documentation on this error, please visit: http://seleniumhq.org/exceptions/no_such_element.html
Build info: version: &apos;2.53.0&apos;, revision: &apos;35ae25b1534ae328c771e0856c93e187490ca824&apos;, time: &apos;2016-03-15 10:43:46&apos;
System info: host: &apos;ICPL11544&apos;, ip: &apos;192.168.32.2&apos;, os.name: &apos;Windows 8&apos;, os.arch: &apos;amd64&apos;, os.version: &apos;6.2&apos;, java.version: &apos;1.7.0_51&apos;
*** Element info: {Using=id, value=com.jquiz.act:id/tvTitle}
Session ID: dccc593f-50d6-456c-ad2d-cd8419e3cf77
Driver info: com.qmetry.qaf.automation.ui.webdriver.QAFExtendedWebDriver
Capabilities [{automationName=Appium, platform=LINUX, javascriptEnabled=true, driver.class=io.appium.java_client.android.AndroidDriver, appActivity=com.jquiz.act.StartActivity, deviceModel=Samsung Galaxy Note 3 - 4.3 - API 18 - 1080x1920, networkConnectionEnabled=true, desired={automationName=Appium, newCommandTimeout=1000, cssSelectorsEnabled=true, javascriptEnabled=true, deviceName=emulator-5554, platformName=Android, driver.class=io.appium.java_client.android.AndroidDriver, appActivity=com.jquiz.act.StartActivity, appium-version=3.3.0, browser_name=, appPackage=com.jquiz.act, takesScreenshot=true}, locationContextEnabled=false, deviceUDID=192.168.32.101:5555, appPackage=com.jquiz.act, newCommandTimeout=1000, platformVersion=4.3, databaseEnabled=false, cssSelectorsEnabled=true, deviceScreenSize=1080x1920, deviceName=192.168.32.101:5555, platformName=Android, deviceManufacturer=Genymotion, appium-version=3.3.0, browser_name=, webStorageEnabled=false, warnings={}, takesScreenshot=true}]
[WebDriverCommandLogger] - Executing findElement parameters: {&quot;using&quot;:&quot;id&quot;,&quot;value&quot;:&quot;com.jquiz.act:id/tvTitle&quot;}
[WebDriverCommandLogger] - command: findElement[ param-1: {using=id, value=com.jquiz.act:id/tvTitle}] Result: An element could not be located on the page using the given search parameters. (WARNING: The server did not provide any stacktrace information)
Command duration or timeout: 275 milliseconds
For documentation on this error, please visit: http://seleniumhq.org/exceptions/no_such_element.html
Build info: version: &apos;2.53.0&apos;, revision: &apos;35ae25b1534ae328c771e0856c93e187490ca824&apos;, time: &apos;2016-03-15 10:43:46&apos;
System info: host: &apos;ICPL11544&apos;, ip: &apos;192.168.32.2&apos;, os.name: &apos;Windows 8&apos;, os.arch: &apos;amd64&apos;, os.version: &apos;6.2&apos;, java.version: &apos;1.7.0_51&apos;
*** Element info: {Using=id, value=com.jquiz.act:id/tvTitle}
Session ID: dccc593f-50d6-456c-ad2d-cd8419e3cf77
Driver info: com.qmetry.qaf.automation.ui.webdriver.QAFExtendedWebDriver
Capabilities [{automationName=Appium, platform=LINUX, javascriptEnabled=true, driver.class=io.appium.java_client.android.AndroidDriver, appActivity=com.jquiz.act.StartActivity, deviceModel=Samsung Galaxy Note 3 - 4.3 - API 18 - 1080x1920, networkConnectionEnabled=true, desired={automationName=Appium, newCommandTimeout=1000, cssSelectorsEnabled=true, javascriptEnabled=true, deviceName=emulator-5554, platformName=Android, driver.class=io.appium.java_client.android.AndroidDriver, appActivity=com.jquiz.act.StartActivity, appium-version=3.3.0, browser_name=, appPackage=com.jquiz.act, takesScreenshot=true}, locationContextEnabled=false, deviceUDID=192.168.32.101:5555, appPackage=com.jquiz.act, newCommandTimeout=1000, platformVersion=4.3, databaseEnabled=false, cssSelectorsEnabled=true, deviceScreenSize=1080x1920, deviceName=192.168.32.101:5555, platformName=Android, deviceManufacturer=Genymotion, appium-version=3.3.0, browser_name=, webStorageEnabled=false, warnings={}, takesScreenshot=true}]
[WebDriverCommandLogger] - Executing findElement parameters: {&quot;using&quot;:&quot;id&quot;,&quot;value&quot;:&quot;com.jquiz.act:id/tvTitle&quot;}
[WebDriverCommandLogger] - command: findElement[ param-1: {using=id, value=com.jquiz.act:id/tvTitle}] Result: An element could not be located on the page using the given search parameters. (WARNING: The server did not provide any stacktrace information)
Command duration or timeout: 666 milliseconds
For documentation on this error, please visit: http://seleniumhq.org/exceptions/no_such_element.html
Build info: version: &apos;2.53.0&apos;, revision: &apos;35ae25b1534ae328c771e0856c93e187490ca824&apos;, time: &apos;2016-03-15 10:43:46&apos;
System info: host: &apos;ICPL11544&apos;, ip: &apos;192.168.32.2&apos;, os.name: &apos;Windows 8&apos;, os.arch: &apos;amd64&apos;, os.version: &apos;6.2&apos;, java.version: &apos;1.7.0_51&apos;
*** Element info: {Using=id, value=com.jquiz.act:id/tvTitle}
Session ID: dccc593f-50d6-456c-ad2d-cd8419e3cf77
Driver info: com.qmetry.qaf.automation.ui.webdriver.QAFExtendedWebDriver
Capabilities [{automationName=Appium, platform=LINUX, javascriptEnabled=true, driver.class=io.appium.java_client.android.AndroidDriver, appActivity=com.jquiz.act.StartActivity, deviceModel=Samsung Galaxy Note 3 - 4.3 - API 18 - 1080x1920, networkConnectionEnabled=true, desired={automationName=Appium, newCommandTimeout=1000, cssSelectorsEnabled=true, javascriptEnabled=true, deviceName=emulator-5554, platformName=Android, driver.class=io.appium.java_client.android.AndroidDriver, appActivity=com.jquiz.act.StartActivity, appium-version=3.3.0, browser_name=, appPackage=com.jquiz.act, takesScreenshot=true}, locationContextEnabled=false, deviceUDID=192.168.32.101:5555, appPackage=com.jquiz.act, newCommandTimeout=1000, platformVersion=4.3, databaseEnabled=false, cssSelectorsEnabled=true, deviceScreenSize=1080x1920, deviceName=192.168.32.101:5555, platformName=Android, deviceManufacturer=Genymotion, appium-version=3.3.0, browser_name=, webStorageEnabled=false, warnings={}, takesScreenshot=true}]
[WebDriverCommandLogger] - Executing findElement parameters: {&quot;using&quot;:&quot;id&quot;,&quot;value&quot;:&quot;com.jquiz.act:id/tvTitle&quot;}
[WebDriverCommandLogger] - command: findElement[ param-1: {using=id, value=com.jquiz.act:id/tvTitle}] Result: An element could not be located on the page using the given search parameters. (WARNING: The server did not provide any stacktrace information)
Command duration or timeout: 168 milliseconds
For documentation on this error, please visit: http://seleniumhq.org/exceptions/no_such_element.html
Build info: version: &apos;2.53.0&apos;, revision: &apos;35ae25b1534ae328c771e0856c93e187490ca824&apos;, time: &apos;2016-03-15 10:43:46&apos;
System info: host: &apos;ICPL11544&apos;, ip: &apos;192.168.32.2&apos;, os.name: &apos;Windows 8&apos;, os.arch: &apos;amd64&apos;, os.version: &apos;6.2&apos;, java.version: &apos;1.7.0_51&apos;
*** Element info: {Using=id, value=com.jquiz.act:id/tvTitle}
Session ID: dccc593f-50d6-456c-ad2d-cd8419e3cf77
Driver info: com.qmetry.qaf.automation.ui.webdriver.QAFExtendedWebDriver
Capabilities [{automationName=Appium, platform=LINUX, javascriptEnabled=true, driver.class=io.appium.java_client.android.AndroidDriver, appActivity=com.jquiz.act.StartActivity, deviceModel=Samsung Galaxy Note 3 - 4.3 - API 18 - 1080x1920, networkConnectionEnabled=true, desired={automationName=Appium, newCommandTimeout=1000, cssSelectorsEnabled=true, javascriptEnabled=true, deviceName=emulator-5554, platformName=Android, driver.class=io.appium.java_client.android.AndroidDriver, appActivity=com.jquiz.act.StartActivity, appium-version=3.3.0, browser_name=, appPackage=com.jquiz.act, takesScreenshot=true}, locationContextEnabled=false, deviceUDID=192.168.32.101:5555, appPackage=com.jquiz.act, newCommandTimeout=1000, platformVersion=4.3, databaseEnabled=false, cssSelectorsEnabled=true, deviceScreenSize=1080x1920, deviceName=192.168.32.101:5555, platformName=Android, deviceManufacturer=Genymotion, appium-version=3.3.0, browser_name=, webStorageEnabled=false, warnings={}, takesScreenshot=true}]
[WebDriverCommandLogger] - Executing findElement parameters: {&quot;using&quot;:&quot;id&quot;,&quot;value&quot;:&quot;com.jquiz.act:id/tvTitle&quot;}
[WebDriverCommandLogger] - command: findElement[ param-1: {using=id, value=com.jquiz.act:id/tvTitle}] Result: An element could not be located on the page using the given search parameters. (WARNING: The server did not provide any stacktrace information)
Command duration or timeout: 383 milliseconds
For documentation on this error, please visit: http://seleniumhq.org/exceptions/no_such_element.html
Build info: version: &apos;2.53.0&apos;, revision: &apos;35ae25b1534ae328c771e0856c93e187490ca824&apos;, time: &apos;2016-03-15 10:43:46&apos;
System info: host: &apos;ICPL11544&apos;, ip: &apos;192.168.32.2&apos;, os.name: &apos;Windows 8&apos;, os.arch: &apos;amd64&apos;, os.version: &apos;6.2&apos;, java.version: &apos;1.7.0_51&apos;
*** Element info: {Using=id, value=com.jquiz.act:id/tvTitle}
Session ID: dccc593f-50d6-456c-ad2d-cd8419e3cf77
Driver info: com.qmetry.qaf.automation.ui.webdriver.QAFExtendedWebDriver
Capabilities [{automationName=Appium, platform=LINUX, javascriptEnabled=true, driver.class=io.appium.java_client.android.AndroidDriver, appActivity=com.jquiz.act.StartActivity, deviceModel=Samsung Galaxy Note 3 - 4.3 - API 18 - 1080x1920, networkConnectionEnabled=true, desired={automationName=Appium, newCommandTimeout=1000, cssSelectorsEnabled=true, javascriptEnabled=true, deviceName=emulator-5554, platformName=Android, driver.class=io.appium.java_client.android.AndroidDriver, appActivity=com.jquiz.act.StartActivity, appium-version=3.3.0, browser_name=, appPackage=com.jquiz.act, takesScreenshot=true}, locationContextEnabled=false, deviceUDID=192.168.32.101:5555, appPackage=com.jquiz.act, newCommandTimeout=1000, platformVersion=4.3, databaseEnabled=false, cssSelectorsEnabled=true, deviceScreenSize=1080x1920, deviceName=192.168.32.101:5555, platformName=Android, deviceManufacturer=Genymotion, appium-version=3.3.0, browser_name=, webStorageEnabled=false, warnings={}, takesScreenshot=true}]
[WebDriverCommandLogger] - Executing findElement parameters: {&quot;using&quot;:&quot;id&quot;,&quot;value&quot;:&quot;com.jquiz.act:id/tvTitle&quot;}
[WebDriverCommandLogger] - command: findElement[ param-1: {using=id, value=com.jquiz.act:id/tvTitle}] Result: An element could not be located on the page using the given search parameters. (WARNING: The server did not provide any stacktrace information)
Command duration or timeout: 363 milliseconds
For documentation on this error, please visit: http://seleniumhq.org/exceptions/no_such_element.html
Build info: version: &apos;2.53.0&apos;, revision: &apos;35ae25b1534ae328c771e0856c93e187490ca824&apos;, time: &apos;2016-03-15 10:43:46&apos;
System info: host: &apos;ICPL11544&apos;, ip: &apos;192.168.32.2&apos;, os.name: &apos;Windows 8&apos;, os.arch: &apos;amd64&apos;, os.version: &apos;6.2&apos;, java.version: &apos;1.7.0_51&apos;
*** Element info: {Using=id, value=com.jquiz.act:id/tvTitle}
Session ID: dccc593f-50d6-456c-ad2d-cd8419e3cf77
Driver info: com.qmetry.qaf.automation.ui.webdriver.QAFExtendedWebDriver
Capabilities [{automationName=Appium, platform=LINUX, javascriptEnabled=true, driver.class=io.appium.java_client.android.AndroidDriver, appActivity=com.jquiz.act.StartActivity, deviceModel=Samsung Galaxy Note 3 - 4.3 - API 18 - 1080x1920, networkConnectionEnabled=true, desired={automationName=Appium, newCommandTimeout=1000, cssSelectorsEnabled=true, javascriptEnabled=true, deviceName=emulator-5554, platformName=Android, driver.class=io.appium.java_client.android.AndroidDriver, appActivity=com.jquiz.act.StartActivity, appium-version=3.3.0, browser_name=, appPackage=com.jquiz.act, takesScreenshot=true}, locationContextEnabled=false, deviceUDID=192.168.32.101:5555, appPackage=com.jquiz.act, newCommandTimeout=1000, platformVersion=4.3, databaseEnabled=false, cssSelectorsEnabled=true, deviceScreenSize=1080x1920, deviceName=192.168.32.101:5555, platformName=Android, deviceManufacturer=Genymotion, appium-version=3.3.0, browser_name=, webStorageEnabled=false, warnings={}, takesScreenshot=true}]
[WebDriverCommandLogger] - Executing findElement parameters: {&quot;using&quot;:&quot;id&quot;,&quot;value&quot;:&quot;com.jquiz.act:id/tvTitle&quot;}
[WebDriverCommandLogger] - command: findElement[ param-1: {using=id, value=com.jquiz.act:id/tvTitle}] Result: An element could not be located on the page using the given search parameters. (WARNING: The server did not provide any stacktrace information)
Command duration or timeout: 208 milliseconds
For documentation on this error, please visit: http://seleniumhq.org/exceptions/no_such_element.html
Build info: version: &apos;2.53.0&apos;, revision: &apos;35ae25b1534ae328c771e0856c93e187490ca824&apos;, time: &apos;2016-03-15 10:43:46&apos;
System info: host: &apos;ICPL11544&apos;, ip: &apos;192.168.32.2&apos;, os.name: &apos;Windows 8&apos;, os.arch: &apos;amd64&apos;, os.version: &apos;6.2&apos;, java.version: &apos;1.7.0_51&apos;
*** Element info: {Using=id, value=com.jquiz.act:id/tvTitle}
Session ID: dccc593f-50d6-456c-ad2d-cd8419e3cf77
Driver info: com.qmetry.qaf.automation.ui.webdriver.QAFExtendedWebDriver
Capabilities [{automationName=Appium, platform=LINUX, javascriptEnabled=true, driver.class=io.appium.java_client.android.AndroidDriver, appActivity=com.jquiz.act.StartActivity, deviceModel=Samsung Galaxy Note 3 - 4.3 - API 18 - 1080x1920, networkConnectionEnabled=true, desired={automationName=Appium, newCommandTimeout=1000, cssSelectorsEnabled=true, javascriptEnabled=true, deviceName=emulator-5554, platformName=Android, driver.class=io.appium.java_client.android.AndroidDriver, appActivity=com.jquiz.act.StartActivity, appium-version=3.3.0, browser_name=, appPackage=com.jquiz.act, takesScreenshot=true}, locationContextEnabled=false, deviceUDID=192.168.32.101:5555, appPackage=com.jquiz.act, newCommandTimeout=1000, platformVersion=4.3, databaseEnabled=false, cssSelectorsEnabled=true, deviceScreenSize=1080x1920, deviceName=192.168.32.101:5555, platformName=Android, deviceManufacturer=Genymotion, appium-version=3.3.0, browser_name=, webStorageEnabled=false, warnings={}, takesScreenshot=true}]
[WebDriverCommandLogger] - Executing findElement parameters: {&quot;using&quot;:&quot;id&quot;,&quot;value&quot;:&quot;com.jquiz.act:id/tvTitle&quot;}
[WebDriverCommandLogger] - command: findElement[ param-1: {using=id, value=com.jquiz.act:id/tvTitle}] Result: An element could not be located on the page using the given search parameters. (WARNING: The server did not provide any stacktrace information)
Command duration or timeout: 279 milliseconds
For documentation on this error, please visit: http://seleniumhq.org/exceptions/no_such_element.html
Build info: version: &apos;2.53.0&apos;, revision: &apos;35ae25b1534ae328c771e0856c93e187490ca824&apos;, time: &apos;2016-03-15 10:43:46&apos;
System info: host: &apos;ICPL11544&apos;, ip: &apos;192.168.32.2&apos;, os.name: &apos;Windows 8&apos;, os.arch: &apos;amd64&apos;, os.version: &apos;6.2&apos;, java.version: &apos;1.7.0_51&apos;
*** Element info: {Using=id, value=com.jquiz.act:id/tvTitle}
Session ID: dccc593f-50d6-456c-ad2d-cd8419e3cf77
Driver info: com.qmetry.qaf.automation.ui.webdriver.QAFExtendedWebDriver
Capabilities [{automationName=Appium, platform=LINUX, javascriptEnabled=true, driver.class=io.appium.java_client.android.AndroidDriver, appActivity=com.jquiz.act.StartActivity, deviceModel=Samsung Galaxy Note 3 - 4.3 - API 18 - 1080x1920, networkConnectionEnabled=true, desired={automationName=Appium, newCommandTimeout=1000, cssSelectorsEnabled=true, javascriptEnabled=true, deviceName=emulator-5554, platformName=Android, driver.class=io.appium.java_client.android.AndroidDriver, appActivity=com.jquiz.act.StartActivity, appium-version=3.3.0, browser_name=, appPackage=com.jquiz.act, takesScreenshot=true}, locationContextEnabled=false, deviceUDID=192.168.32.101:5555, appPackage=com.jquiz.act, newCommandTimeout=1000, platformVersion=4.3, databaseEnabled=false, cssSelectorsEnabled=true, deviceScreenSize=1080x1920, deviceName=192.168.32.101:5555, platformName=Android, deviceManufacturer=Genymotion, appium-version=3.3.0, browser_name=, webStorageEnabled=false, warnings={}, takesScreenshot=true}]
[WebDriverCommandLogger] - Executing findElement parameters: {&quot;using&quot;:&quot;id&quot;,&quot;value&quot;:&quot;com.jquiz.act:id/tvTitle&quot;}
[WebDriverCommandLogger] - command: findElement[ param-1: {using=id, value=com.jquiz.act:id/tvTitle}] Result: An element could not be located on the page using the given search parameters. (WARNING: The server did not provide any stacktrace information)
Command duration or timeout: 570 milliseconds
For documentation on this error, please visit: http://seleniumhq.org/exceptions/no_such_element.html
Build info: version: &apos;2.53.0&apos;, revision: &apos;35ae25b1534ae328c771e0856c93e187490ca824&apos;, time: &apos;2016-03-15 10:43:46&apos;
System info: host: &apos;ICPL11544&apos;, ip: &apos;192.168.32.2&apos;, os.name: &apos;Windows 8&apos;, os.arch: &apos;amd64&apos;, os.version: &apos;6.2&apos;, java.version: &apos;1.7.0_51&apos;
*** Element info: {Using=id, value=com.jquiz.act:id/tvTitle}
Session ID: dccc593f-50d6-456c-ad2d-cd8419e3cf77
Driver info: com.qmetry.qaf.automation.ui.webdriver.QAFExtendedWebDriver
Capabilities [{automationName=Appium, platform=LINUX, javascriptEnabled=true, driver.class=io.appium.java_client.android.AndroidDriver, appActivity=com.jquiz.act.StartActivity, deviceModel=Samsung Galaxy Note 3 - 4.3 - API 18 - 1080x1920, networkConnectionEnabled=true, desired={automationName=Appium, newCommandTimeout=1000, cssSelectorsEnabled=true, javascriptEnabled=true, deviceName=emulator-5554, platformName=Android, driver.class=io.appium.java_client.android.AndroidDriver, appActivity=com.jquiz.act.StartActivity, appium-version=3.3.0, browser_name=, appPackage=com.jquiz.act, takesScreenshot=true}, locationContextEnabled=false, deviceUDID=192.168.32.101:5555, appPackage=com.jquiz.act, newCommandTimeout=1000, platformVersion=4.3, databaseEnabled=false, cssSelectorsEnabled=true, deviceScreenSize=1080x1920, deviceName=192.168.32.101:5555, platformName=Android, deviceManufacturer=Genymotion, appium-version=3.3.0, browser_name=, webStorageEnabled=false, warnings={}, takesScreenshot=true}]
[WebDriverCommandLogger] - Executing findElement parameters: {&quot;using&quot;:&quot;id&quot;,&quot;value&quot;:&quot;com.jquiz.act:id/tvTitle&quot;}
[WebDriverCommandLogger] - command: findElement[ param-1: {using=id, value=com.jquiz.act:id/tvTitle}] Result: An element could not be located on the page using the given search parameters. (WARNING: The server did not provide any stacktrace information)
Command duration or timeout: 392 milliseconds
For documentation on this error, please visit: http://seleniumhq.org/exceptions/no_such_element.html
Build info: version: &apos;2.53.0&apos;, revision: &apos;35ae25b1534ae328c771e0856c93e187490ca824&apos;, time: &apos;2016-03-15 10:43:46&apos;
System info: host: &apos;ICPL11544&apos;, ip: &apos;192.168.32.2&apos;, os.name: &apos;Windows 8&apos;, os.arch: &apos;amd64&apos;, os.version: &apos;6.2&apos;, java.version: &apos;1.7.0_51&apos;
*** Element info: {Using=id, value=com.jquiz.act:id/tvTitle}
Session ID: dccc593f-50d6-456c-ad2d-cd8419e3cf77
Driver info: com.qmetry.qaf.automation.ui.webdriver.QAFExtendedWebDriver
Capabilities [{automationName=Appium, platform=LINUX, javascriptEnabled=true, driver.class=io.appium.java_client.android.AndroidDriver, appActivity=com.jquiz.act.StartActivity, deviceModel=Samsung Galaxy Note 3 - 4.3 - API 18 - 1080x1920, networkConnectionEnabled=true, desired={automationName=Appium, newCommandTimeout=1000, cssSelectorsEnabled=true, javascriptEnabled=true, deviceName=emulator-5554, platformName=Android, driver.class=io.appium.java_client.android.AndroidDriver, appActivity=com.jquiz.act.StartActivity, appium-version=3.3.0, browser_name=, appPackage=com.jquiz.act, takesScreenshot=true}, locationContextEnabled=false, deviceUDID=192.168.32.101:5555, appPackage=com.jquiz.act, newCommandTimeout=1000, platformVersion=4.3, databaseEnabled=false, cssSelectorsEnabled=true, deviceScreenSize=1080x1920, deviceName=192.168.32.101:5555, platformName=Android, deviceManufacturer=Genymotion, appium-version=3.3.0, browser_name=, webStorageEnabled=false, warnings={}, takesScreenshot=true}]
[WebDriverCommandLogger] - Executing findElement parameters: {&quot;using&quot;:&quot;id&quot;,&quot;value&quot;:&quot;com.jquiz.act:id/tvTitle&quot;}
[WebDriverCommandLogger] - command: findElement[ param-1: {using=id, value=com.jquiz.act:id/tvTitle}] Result: An element could not be located on the page using the given search parameters. (WARNING: The server did not provide any stacktrace information)
Command duration or timeout: 957 milliseconds
For documentation on this error, please visit: http://seleniumhq.org/exceptions/no_such_element.html
Build info: version: &apos;2.53.0&apos;, revision: &apos;35ae25b1534ae328c771e0856c93e187490ca824&apos;, time: &apos;2016-03-15 10:43:46&apos;
System info: host: &apos;ICPL11544&apos;, ip: &apos;192.168.32.2&apos;, os.name: &apos;Windows 8&apos;, os.arch: &apos;amd64&apos;, os.version: &apos;6.2&apos;, java.version: &apos;1.7.0_51&apos;
*** Element info: {Using=id, value=com.jquiz.act:id/tvTitle}
Session ID: dccc593f-50d6-456c-ad2d-cd8419e3cf77
Driver info: com.qmetry.qaf.automation.ui.webdriver.QAFExtendedWebDriver
Capabilities [{automationName=Appium, platform=LINUX, javascriptEnabled=true, driver.class=io.appium.java_client.android.AndroidDriver, appActivity=com.jquiz.act.StartActivity, deviceModel=Samsung Galaxy Note 3 - 4.3 - API 18 - 1080x1920, networkConnectionEnabled=true, desired={automationName=Appium, newCommandTimeout=1000, cssSelectorsEnabled=true, javascriptEnabled=true, deviceName=emulator-5554, platformName=Android, driver.class=io.appium.java_client.android.AndroidDriver, appActivity=com.jquiz.act.StartActivity, appium-version=3.3.0, browser_name=, appPackage=com.jquiz.act, takesScreenshot=true}, locationContextEnabled=false, deviceUDID=192.168.32.101:5555, appPackage=com.jquiz.act, newCommandTimeout=1000, platformVersion=4.3, databaseEnabled=false, cssSelectorsEnabled=true, deviceScreenSize=1080x1920, deviceName=192.168.32.101:5555, platformName=Android, deviceManufacturer=Genymotion, appium-version=3.3.0, browser_name=, webStorageEnabled=false, warnings={}, takesScreenshot=true}]
[WebDriverCommandLogger] - Executing findElement parameters: {&quot;using&quot;:&quot;id&quot;,&quot;value&quot;:&quot;com.jquiz.act:id/tvTitle&quot;}
[WebDriverCommandLogger] - command: findElement[ param-1: {using=id, value=com.jquiz.act:id/tvTitle}] Result: An element could not be located on the page using the given search parameters. (WARNING: The server did not provide any stacktrace information)
Command duration or timeout: 835 milliseconds
For documentation on this error, please visit: http://seleniumhq.org/exceptions/no_such_element.html
Build info: version: &apos;2.53.0&apos;, revision: &apos;35ae25b1534ae328c771e0856c93e187490ca824&apos;, time: &apos;2016-03-15 10:43:46&apos;
System info: host: &apos;ICPL11544&apos;, ip: &apos;192.168.32.2&apos;, os.name: &apos;Windows 8&apos;, os.arch: &apos;amd64&apos;, os.version: &apos;6.2&apos;, java.version: &apos;1.7.0_51&apos;
*** Element info: {Using=id, value=com.jquiz.act:id/tvTitle}
Session ID: dccc593f-50d6-456c-ad2d-cd8419e3cf77
Driver info: com.qmetry.qaf.automation.ui.webdriver.QAFExtendedWebDriver
Capabilities [{automationName=Appium, platform=LINUX, javascriptEnabled=true, driver.class=io.appium.java_client.android.AndroidDriver, appActivity=com.jquiz.act.StartActivity, deviceModel=Samsung Galaxy Note 3 - 4.3 - API 18 - 1080x1920, networkConnectionEnabled=true, desired={automationName=Appium, newCommandTimeout=1000, cssSelectorsEnabled=true, javascriptEnabled=true, deviceName=emulator-5554, platformName=Android, driver.class=io.appium.java_client.android.AndroidDriver, appActivity=com.jquiz.act.StartActivity, appium-version=3.3.0, browser_name=, appPackage=com.jquiz.act, takesScreenshot=true}, locationContextEnabled=false, deviceUDID=192.168.32.101:5555, appPackage=com.jquiz.act, newCommandTimeout=1000, platformVersion=4.3, databaseEnabled=false, cssSelectorsEnabled=true, deviceScreenSize=1080x1920, deviceName=192.168.32.101:5555, platformName=Android, deviceManufacturer=Genymotion, appium-version=3.3.0, browser_name=, webStorageEnabled=false, warnings={}, takesScreenshot=true}]
[WebDriverCommandLogger] - Executing findElement parameters: {&quot;using&quot;:&quot;id&quot;,&quot;value&quot;:&quot;com.jquiz.act:id/tvTitle&quot;}
[WebDriverCommandLogger] - command: findElement[ param-1: {using=id, value=com.jquiz.act:id/tvTitle}] Result: An element could not be located on the page using the given search parameters. (WARNING: The server did not provide any stacktrace information)
Command duration or timeout: 1.38 seconds
For documentation on this error, please visit: http://seleniumhq.org/exceptions/no_such_element.html
Build info: version: &apos;2.53.0&apos;, revision: &apos;35ae25b1534ae328c771e0856c93e187490ca824&apos;, time: &apos;2016-03-15 10:43:46&apos;
System info: host: &apos;ICPL11544&apos;, ip: &apos;192.168.32.2&apos;, os.name: &apos;Windows 8&apos;, os.arch: &apos;amd64&apos;, os.version: &apos;6.2&apos;, java.version: &apos;1.7.0_51&apos;
*** Element info: {Using=id, value=com.jquiz.act:id/tvTitle}
Session ID: dccc593f-50d6-456c-ad2d-cd8419e3cf77
Driver info: com.qmetry.qaf.automation.ui.webdriver.QAFExtendedWebDriver
Capabilities [{automationName=Appium, platform=LINUX, javascriptEnabled=true, driver.class=io.appium.java_client.android.AndroidDriver, appActivity=com.jquiz.act.StartActivity, deviceModel=Samsung Galaxy Note 3 - 4.3 - API 18 - 1080x1920, networkConnectionEnabled=true, desired={automationName=Appium, newCommandTimeout=1000, cssSelectorsEnabled=true, javascriptEnabled=true, deviceName=emulator-5554, platformName=Android, driver.class=io.appium.java_client.android.AndroidDriver, appActivity=com.jquiz.act.StartActivity, appium-version=3.3.0, browser_name=, appPackage=com.jquiz.act, takesScreenshot=true}, locationContextEnabled=false, deviceUDID=192.168.32.101:5555, appPackage=com.jquiz.act, newCommandTimeout=1000, platformVersion=4.3, databaseEnabled=false, cssSelectorsEnabled=true, deviceScreenSize=1080x1920, deviceName=192.168.32.101:5555, platformName=Android, deviceManufacturer=Genymotion, appium-version=3.3.0, browser_name=, webStorageEnabled=false, warnings={}, takesScreenshot=true}]
[QAFInvokedMethodListener2] - org.openqa.selenium.TimeoutException: Timed out after 30 seconds: Wait time out for TextView for Correct 110 to be visible
Build info: version: &apos;2.53.0&apos;, revision: &apos;35ae25b1534ae328c771e0856c93e187490ca824&apos;, time: &apos;2016-03-15 10:43:46&apos;
System info: host: &apos;ICPL11544&apos;, ip: &apos;192.168.32.2&apos;, os.name: &apos;Windows 8&apos;, os.arch: &apos;amd64&apos;, os.version: &apos;6.2&apos;, java.version: &apos;1.7.0_51&apos;
Driver info: driver.version: unknown
[WebDriverCommandLogger] - Executing screenshot parameters: {}
[QAFTestBase] - Capturing screen shottakeAQuiz_15ey5qrg0dkza32348.png
</system-out>
    <system-err>log4j:WARN No such property [follow] in org.apache.log4j.FileAppender.
</system-err>
  </testcase>
</testsuite>