<?xml version="1.0" encoding="UTF-8"?>
<testng-results skipped="0" failed="0" total="1" passed="1">
  <reporter-output>
    <line>
      <![CDATA[<div style="display:block;margin-left:10px;"><div  class="pass"><span class="pass-label">P </span>
Expected: a string containing "Take a quiz"
     Actual: was "Take a quiz" <a href="../img/bookmarkAQuestion_yk42o4qkmo2d21171.png" target="_blank">[View Screenshot]</a> </div><div  class="pass"><span class="pass-label">P </span>Bookmarked question is present in the list 
Expected: &lt;true&gt;
     Actual: was &lt;true&gt; <a href="../img/bookmarkAQuestion_nj7pfgzezy7p21172.png" target="_blank">[View Screenshot]</a> </div></div>]]>
    </line>
  </reporter-output>
  <suite name="Suite" duration-ms="77280" started-at="2017-05-24T10:21:05Z" finished-at="2017-05-24T10:22:22Z">
    <groups>
    </groups>
    <test name="Test" duration-ms="77280" started-at="2017-05-24T10:21:05Z" finished-at="2017-05-24T10:22:22Z">
      <class name="com.act_test.Test.ActTest">
        <test-method status="PASS" signature="setupSuit(org.testng.ITestContext)[pri:0, instance:com.act_test.Test.ActTest@5419323a]" name="setupSuit" is-config="true" duration-ms="21" started-at="2017-05-24T15:51:05Z" finished-at="2017-05-24T15:51:05Z">
          <params>
            <param index="0">
              <value>
                <![CDATA[org.testng.TestRunner@251a3057]]>
              </value>
            </param>
          </params>
          <reporter-output>
          </reporter-output>
        </test-method> <!-- setupSuit -->
        <test-method status="PASS" signature="setupTest(org.testng.ITestContext)[pri:0, instance:com.act_test.Test.ActTest@5419323a]" name="setupTest" is-config="true" duration-ms="4" started-at="2017-05-24T15:51:05Z" finished-at="2017-05-24T15:51:05Z">
          <params>
            <param index="0">
              <value>
                <![CDATA[org.testng.TestRunner@251a3057]]>
              </value>
            </param>
          </params>
          <reporter-output>
          </reporter-output>
        </test-method> <!-- setupTest -->
        <test-method status="PASS" signature="setup(org.testng.ITestContext)[pri:0, instance:com.act_test.Test.ActTest@5419323a]" name="setup" is-config="true" duration-ms="2" started-at="2017-05-24T15:51:05Z" finished-at="2017-05-24T15:51:05Z">
          <params>
            <param index="0">
              <value>
                <![CDATA[org.testng.TestRunner@251a3057]]>
              </value>
            </param>
          </params>
          <reporter-output>
          </reporter-output>
        </test-method> <!-- setup -->
        <test-method status="PASS" signature="bookmarkAQuestion()[pri:1, instance:com.act_test.Test.ActTest@5419323a]" name="bookmarkAQuestion" duration-ms="75260" started-at="2017-05-24T15:51:05Z" description="TC_1" finished-at="2017-05-24T15:52:20Z">
          <reporter-output>
            <line>
              <![CDATA[<div style="display:block;margin-left:10px;"><div  class="pass"><span class="pass-label">P </span>
Expected: a string containing "Take a quiz"
     Actual: was "Take a quiz" <a href="../img/bookmarkAQuestion_yk42o4qkmo2d21171.png" target="_blank">[View Screenshot]</a> </div><div  class="pass"><span class="pass-label">P </span>Bookmarked question is present in the list 
Expected: &lt;true&gt;
     Actual: was &lt;true&gt; <a href="../img/bookmarkAQuestion_nj7pfgzezy7p21172.png" target="_blank">[View Screenshot]</a> </div></div>]]>
            </line>
          </reporter-output>
        </test-method> <!-- bookmarkAQuestion -->
        <test-method status="PASS" signature="setupMethod(java.lang.reflect.Method, org.testng.ITestContext)[pri:0, instance:com.act_test.Test.ActTest@5419323a]" name="setupMethod" is-config="true" duration-ms="0" started-at="2017-05-24T15:51:05Z" finished-at="2017-05-24T15:51:05Z">
          <params>
            <param index="0">
              <value>
                <![CDATA[public void com.act_test.Test.ActTest.bookmarkAQuestion() throws java.lang.InterruptedException]]>
              </value>
            </param>
            <param index="1">
              <value>
                <![CDATA[org.testng.TestRunner@251a3057]]>
              </value>
            </param>
          </params>
          <reporter-output>
          </reporter-output>
        </test-method> <!-- setupMethod -->
        <test-method status="PASS" signature="afterMethod(org.testng.ITestContext, org.testng.ITestResult)[pri:0, instance:com.act_test.Test.ActTest@5419323a]" name="afterMethod" is-config="true" duration-ms="1" started-at="2017-05-24T15:52:21Z" finished-at="2017-05-24T15:52:21Z">
          <params>
            <param index="0">
              <value>
                <![CDATA[org.testng.TestRunner@251a3057]]>
              </value>
            </param>
            <param index="1">
              <value>
                <![CDATA[[TestResult name=bookmarkAQuestion status=SUCCESS method=ActTest.bookmarkAQuestion()[pri:1, instance:com.act_test.Test.ActTest@5419323a] output=<div style="display:block;margin-left:10px;"><div  class="pass"><span class="pass-label">P </span>
Expected: a string containing "Take a quiz"
     Actual: was "Take a quiz" <a href="../img/bookmarkAQuestion_yk42o4qkmo2d21171.png" target="_blank">[View Screenshot]</a> </div><div  class="pass"><span class="pass-label">P </span>Bookmarked question is present in the list 
Expected: &lt;true&gt;
     Actual: was &lt;true&gt; <a href="../img/bookmarkAQuestion_nj7pfgzezy7p21172.png" target="_blank">[View Screenshot]</a> </div></div>]]]>
              </value>
            </param>
          </params>
          <reporter-output>
          </reporter-output>
        </test-method> <!-- afterMethod -->
        <test-method status="PASS" signature="afterClass(org.testng.ITestContext)[pri:0, instance:com.act_test.Test.ActTest@5419323a]" name="afterClass" is-config="true" duration-ms="1" started-at="2017-05-24T15:52:21Z" finished-at="2017-05-24T15:52:21Z">
          <params>
            <param index="0">
              <value>
                <![CDATA[org.testng.TestRunner@251a3057]]>
              </value>
            </param>
          </params>
          <reporter-output>
          </reporter-output>
        </test-method> <!-- afterClass -->
        <test-method status="PASS" signature="afterTest(org.testng.ITestContext)[pri:0, instance:com.act_test.Test.ActTest@5419323a]" name="afterTest" is-config="true" duration-ms="1944" started-at="2017-05-24T15:52:21Z" finished-at="2017-05-24T15:52:22Z">
          <params>
            <param index="0">
              <value>
                <![CDATA[org.testng.TestRunner@251a3057]]>
              </value>
            </param>
          </params>
          <reporter-output>
          </reporter-output>
        </test-method> <!-- afterTest -->
        <test-method status="PASS" signature="afterSuit(org.testng.ITestContext)[pri:0, instance:com.act_test.Test.ActTest@5419323a]" name="afterSuit" is-config="true" duration-ms="3" started-at="2017-05-24T15:52:23Z" finished-at="2017-05-24T15:52:23Z">
          <params>
            <param index="0">
              <value>
                <![CDATA[org.testng.TestRunner@251a3057]]>
              </value>
            </param>
          </params>
          <reporter-output>
          </reporter-output>
        </test-method> <!-- afterSuit -->
      </class> <!-- com.act_test.Test.ActTest -->
    </test> <!-- Test -->
  </suite> <!-- Suite -->
</testng-results>
