<?xml version="1.0" encoding="UTF-8" ?>
<testsuite failures="1" time="145.566" errors="0" skipped="0" tests="1" name="TestSuite">
  <properties>
[...]
</properties>
  <testcase time="132.25" classname="com.act_test.Test.ActTest" name="bookmarkAQuestion">
    <failure/>
    <system-out>[ConfigurationManager] - ISFW build info: {qaf-Build-Time=03-Jan-2017 14:01:00, qaf-Revision=10, qaf-Type=core, qaf-Version=2.1}
[ConfigurationManager] - Resource dir: D:\ACT_Test_TM\resources. Found property files to load: 3
[ConfigurationManager] - Resource dir: D:\ACT_Test_TM\resources. Found property files to load: 0
[QAFTestBase] - Initializing Driver...browser_str:appiumDriver,base_url:http://localhost:4723/wd/hub,sel_server:localhost,port:4723
[UiDriverFactory] - Driver: appiumDriver
driver init done
[WebDriverCommandLogger] - Executing findElements parameters: {&quot;using&quot;:&quot;id&quot;,&quot;value&quot;:&quot;com.jquiz.act:id/tvLoading&quot;}
[WebDriverCommandLogger] - command: findElements[ param-1: {using=id, value=com.jquiz.act:id/tvLoading}] Result: [id: 1]
[WebDriverCommandLogger] - Executing findElement parameters: {&quot;using&quot;:&quot;id&quot;,&quot;value&quot;:&quot;com.jquiz.act:id/tvLoading&quot;}
[WebDriverCommandLogger] - command: findElement[ param-1: {using=id, value=com.jquiz.act:id/tvLoading}] Result: id: 2
[WebDriverCommandLogger] - Executing isElementDisplayed element: By.id: com.jquiz.act:id/tvLoading parameters: {&quot;id&quot;:&quot;2&quot;}
[WebDriverCommandLogger] - command: isElementDisplayed[ param-1: By.id: com.jquiz.act:id/tvLoading param-2: {&quot;id&quot;:&quot;2&quot;}] Result: isElementDisplayed:true
[WebDriverCommandLogger] - Executing findElements parameters: {&quot;using&quot;:&quot;id&quot;,&quot;value&quot;:&quot;com.jquiz.act:id/tvLoading&quot;}
[WebDriverCommandLogger] - command: findElements[ param-1: {using=id, value=com.jquiz.act:id/tvLoading}] Result: [id: 3]
[WebDriverCommandLogger] - Executing findElement parameters: {&quot;using&quot;:&quot;id&quot;,&quot;value&quot;:&quot;com.jquiz.act:id/tvLoading&quot;}
[WebDriverCommandLogger] - command: findElement[ param-1: {using=id, value=com.jquiz.act:id/tvLoading}] Result: id: 4
[WebDriverCommandLogger] - Executing isElementDisplayed element: By.id: com.jquiz.act:id/tvLoading parameters: {&quot;id&quot;:&quot;4&quot;}
[WebDriverCommandLogger] - command: isElementDisplayed[ param-1: By.id: com.jquiz.act:id/tvLoading param-2: {&quot;id&quot;:&quot;4&quot;}] Result: isElementDisplayed:true
[WebDriverCommandLogger] - Executing findElements parameters: {&quot;using&quot;:&quot;id&quot;,&quot;value&quot;:&quot;com.jquiz.act:id/tvLoading&quot;}
[WebDriverCommandLogger] - command: findElements[ param-1: {using=id, value=com.jquiz.act:id/tvLoading}] Result: [id: 5]
[WebDriverCommandLogger] - Executing findElement parameters: {&quot;using&quot;:&quot;id&quot;,&quot;value&quot;:&quot;com.jquiz.act:id/tvLoading&quot;}
[WebDriverCommandLogger] - command: findElement[ param-1: {using=id, value=com.jquiz.act:id/tvLoading}] Result: id: 6
[WebDriverCommandLogger] - Executing isElementDisplayed element: By.id: com.jquiz.act:id/tvLoading parameters: {&quot;id&quot;:&quot;6&quot;}
[WebDriverCommandLogger] - command: isElementDisplayed[ param-1: By.id: com.jquiz.act:id/tvLoading param-2: {&quot;id&quot;:&quot;6&quot;}] Result: isElementDisplayed:true
[WebDriverCommandLogger] - Executing findElements parameters: {&quot;using&quot;:&quot;id&quot;,&quot;value&quot;:&quot;com.jquiz.act:id/tvLoading&quot;}
[WebDriverCommandLogger] - command: findElements[ param-1: {using=id, value=com.jquiz.act:id/tvLoading}] Result: [id: 7]
[WebDriverCommandLogger] - Executing findElement parameters: {&quot;using&quot;:&quot;id&quot;,&quot;value&quot;:&quot;com.jquiz.act:id/tvLoading&quot;}
[WebDriverCommandLogger] - command: findElement[ param-1: {using=id, value=com.jquiz.act:id/tvLoading}] Result: id: 8
[WebDriverCommandLogger] - Executing isElementDisplayed element: By.id: com.jquiz.act:id/tvLoading parameters: {&quot;id&quot;:&quot;8&quot;}
[WebDriverCommandLogger] - command: isElementDisplayed[ param-1: By.id: com.jquiz.act:id/tvLoading param-2: {&quot;id&quot;:&quot;8&quot;}] Result: isElementDisplayed:true
[WebDriverCommandLogger] - Executing findElements parameters: {&quot;using&quot;:&quot;id&quot;,&quot;value&quot;:&quot;com.jquiz.act:id/tvLoading&quot;}
[WebDriverCommandLogger] - command: findElements[ param-1: {using=id, value=com.jquiz.act:id/tvLoading}] Result: [id: 9]
[WebDriverCommandLogger] - Executing findElement parameters: {&quot;using&quot;:&quot;id&quot;,&quot;value&quot;:&quot;com.jquiz.act:id/tvLoading&quot;}
[WebDriverCommandLogger] - command: findElement[ param-1: {using=id, value=com.jquiz.act:id/tvLoading}] Result: id: 10
[WebDriverCommandLogger] - Executing isElementDisplayed element: By.id: com.jquiz.act:id/tvLoading parameters: {&quot;id&quot;:&quot;10&quot;}
[WebDriverCommandLogger] - command: isElementDisplayed[ param-1: By.id: com.jquiz.act:id/tvLoading param-2: {&quot;id&quot;:&quot;10&quot;}] Result: isElementDisplayed:true
[WebDriverCommandLogger] - Executing findElements parameters: {&quot;using&quot;:&quot;id&quot;,&quot;value&quot;:&quot;com.jquiz.act:id/tvLoading&quot;}
[WebDriverCommandLogger] - command: findElements[ param-1: {using=id, value=com.jquiz.act:id/tvLoading}] Result: [id: 11]
[WebDriverCommandLogger] - Executing findElement parameters: {&quot;using&quot;:&quot;id&quot;,&quot;value&quot;:&quot;com.jquiz.act:id/tvLoading&quot;}
[WebDriverCommandLogger] - command: findElement[ param-1: {using=id, value=com.jquiz.act:id/tvLoading}] Result: id: 12
[WebDriverCommandLogger] - Executing isElementDisplayed element: By.id: com.jquiz.act:id/tvLoading parameters: {&quot;id&quot;:&quot;12&quot;}
[WebDriverCommandLogger] - command: isElementDisplayed[ param-1: By.id: com.jquiz.act:id/tvLoading param-2: {&quot;id&quot;:&quot;12&quot;}] Result: isElementDisplayed:true
[WebDriverCommandLogger] - Executing findElements parameters: {&quot;using&quot;:&quot;id&quot;,&quot;value&quot;:&quot;com.jquiz.act:id/tvLoading&quot;}
[WebDriverCommandLogger] - command: findElements[ param-1: {using=id, value=com.jquiz.act:id/tvLoading}] Result: []
[WebDriverCommandLogger] - Executing findElements parameters: {&quot;using&quot;:&quot;xpath&quot;,&quot;value&quot;:&quot;//android.widget.ImageView&quot;}
[WebDriverCommandLogger] - command: findElements[ param-1: {using=xpath, value=//android.widget.ImageView}] Result: [id: 13, id: 14, id: 15, id: 16, id: 17, id: 18, id: 19, id: 20, id: 21]
false
[WebDriverCommandLogger] - Executing findElements parameters: {&quot;using&quot;:&quot;xpath&quot;,&quot;value&quot;:&quot;//android.widget.ImageView&quot;}
[WebDriverCommandLogger] - command: findElements[ param-1: {using=xpath, value=//android.widget.ImageView}] Result: [id: 22, id: 23, id: 24, id: 25, id: 26, id: 27, id: 28, id: 29, id: 30]
9&lt;-------------------------------------------------------size
[WebDriverCommandLogger] - Executing findElements parameters: {&quot;using&quot;:&quot;xpath&quot;,&quot;value&quot;:&quot;//android.widget.ImageView&quot;}
[WebDriverCommandLogger] - command: findElements[ param-1: {using=xpath, value=//android.widget.ImageView}] Result: [id: 31, id: 32, id: 33, id: 34, id: 35, id: 36, id: 37, id: 38, id: 39]
[WebDriverCommandLogger] - Executing clickElement element: By.xpath: //android.widget.ImageView parameters: {&quot;id&quot;:&quot;31&quot;}
[WebDriverCommandLogger] - command: clickElement[ param-1: By.xpath: //android.widget.ImageView param-2: {&quot;id&quot;:&quot;31&quot;}] Result: clickElement:true
0
[WebDriverCommandLogger] - Executing findElement parameters: {&quot;using&quot;:&quot;xpath&quot;,&quot;value&quot;:&quot;//android.widget.TextView[@text=&apos;Take a quiz&apos;]&quot;}
[WebDriverCommandLogger] - command: findElement[ param-1: {using=xpath, value=//android.widget.TextView[@text=&apos;Take a quiz&apos;]}] Result: id: 40
[WebDriverCommandLogger] - Executing getElementText element: By.xpath: //android.widget.TextView[@text=&apos;Take a quiz&apos;] parameters: {&quot;id&quot;:&quot;40&quot;}
[WebDriverCommandLogger] - command: getElementText[ param-1: By.xpath: //android.widget.TextView[@text=&apos;Take a quiz&apos;] param-2: {&quot;id&quot;:&quot;40&quot;}] Result: getElementText:Take a quiz

Expected: a string containing &quot;Take a quiz&quot;
     Actual: was &quot;Take a quiz&quot;
[WebDriverCommandLogger] - Executing screenshot parameters: {}
[QAFTestBase] - Capturing screen shotbookmarkAQuestion_37ej9tt5ztk329991.png
[WebDriverCommandLogger] - Executing findElements parameters: {&quot;using&quot;:&quot;xpath&quot;,&quot;value&quot;:&quot;//android.widget.Button[@text=&apos;Start&apos;]&quot;}
[WebDriverCommandLogger] - command: findElements[ param-1: {using=xpath, value=//android.widget.Button[@text=&apos;Start&apos;]}] Result: [id: 41]
[WebDriverCommandLogger] - Executing findElement parameters: {&quot;using&quot;:&quot;xpath&quot;,&quot;value&quot;:&quot;//android.widget.Button[@text=&apos;Start&apos;]&quot;}
[WebDriverCommandLogger] - command: findElement[ param-1: {using=xpath, value=//android.widget.Button[@text=&apos;Start&apos;]}] Result: id: 42
[WebDriverCommandLogger] - Executing isElementDisplayed element: By.xpath: //android.widget.Button[@text=&apos;Start&apos;] parameters: {&quot;id&quot;:&quot;42&quot;}
[WebDriverCommandLogger] - command: isElementDisplayed[ param-1: By.xpath: //android.widget.Button[@text=&apos;Start&apos;] param-2: {&quot;id&quot;:&quot;42&quot;}] Result: isElementDisplayed:true
[WebDriverCommandLogger] - Executing findElement parameters: {&quot;using&quot;:&quot;xpath&quot;,&quot;value&quot;:&quot;//android.widget.Button[@text=&apos;Start&apos;]&quot;}
[WebDriverCommandLogger] - command: findElement[ param-1: {using=xpath, value=//android.widget.Button[@text=&apos;Start&apos;]}] Result: id: 43
[WebDriverCommandLogger] - Executing clickElement element: By.xpath: //android.widget.Button[@text=&apos;Start&apos;] parameters: {&quot;id&quot;:&quot;43&quot;}
[WebDriverCommandLogger] - command: clickElement[ param-1: By.xpath: //android.widget.Button[@text=&apos;Start&apos;] param-2: {&quot;id&quot;:&quot;43&quot;}] Result: clickElement:true
[WebDriverCommandLogger] - Executing findElements parameters: {&quot;using&quot;:&quot;xpath&quot;,&quot;value&quot;:&quot;.//android.widget.TextView[@instance=&apos;4&apos;]&quot;}
[WebDriverCommandLogger] - command: findElements[ param-1: {using=xpath, value=.//android.widget.TextView[@instance=&apos;4&apos;]}] Result: [id: 44]
[WebDriverCommandLogger] - Executing findElement parameters: {&quot;using&quot;:&quot;xpath&quot;,&quot;value&quot;:&quot;.//android.widget.TextView[@instance=&apos;4&apos;]&quot;}
[WebDriverCommandLogger] - command: findElement[ param-1: {using=xpath, value=.//android.widget.TextView[@instance=&apos;4&apos;]}] Result: id: 45
[WebDriverCommandLogger] - Executing isElementDisplayed element: By.xpath: .//android.widget.TextView[@instance=&apos;4&apos;] parameters: {&quot;id&quot;:&quot;45&quot;}
[WebDriverCommandLogger] - command: isElementDisplayed[ param-1: By.xpath: .//android.widget.TextView[@instance=&apos;4&apos;] param-2: {&quot;id&quot;:&quot;45&quot;}] Result: isElementDisplayed:true
[WebDriverCommandLogger] - Executing findElement parameters: {&quot;using&quot;:&quot;xpath&quot;,&quot;value&quot;:&quot;.//android.widget.TextView[@instance=&apos;4&apos;]&quot;}
[WebDriverCommandLogger] - command: findElement[ param-1: {using=xpath, value=.//android.widget.TextView[@instance=&apos;4&apos;]}] Result: id: 46
[WebDriverCommandLogger] - Executing getElementText element: By.xpath: .//android.widget.TextView[@instance=&apos;4&apos;] parameters: {&quot;id&quot;:&quot;46&quot;}
[WebDriverCommandLogger] - command: getElementText[ param-1: By.xpath: .//android.widget.TextView[@instance=&apos;4&apos;] param-2: {&quot;id&quot;:&quot;46&quot;}] Result: getElementText:B
Quiz Question Information : B
[WebDriverCommandLogger] - Executing findElement parameters: {&quot;using&quot;:&quot;xpath&quot;,&quot;value&quot;:&quot;//android.widget.TextView[@instance=&apos;3&apos;]&quot;}
[WebDriverCommandLogger] - command: findElement[ param-1: {using=xpath, value=//android.widget.TextView[@instance=&apos;3&apos;]}] Result: id: 47
[WebDriverCommandLogger] - Executing clickElement element: By.xpath: //android.widget.TextView[@instance=&apos;3&apos;] parameters: {&quot;id&quot;:&quot;47&quot;}
[WebDriverCommandLogger] - command: clickElement[ param-1: By.xpath: //android.widget.TextView[@instance=&apos;3&apos;] param-2: {&quot;id&quot;:&quot;47&quot;}] Result: clickElement:true
[WebDriverCommandLogger] - Executing findElement parameters: {&quot;using&quot;:&quot;xpath&quot;,&quot;value&quot;:&quot;//android.widget.TextView[@text=&apos;Bookmark&apos;]&quot;}
[WebDriverCommandLogger] - command: findElement[ param-1: {using=xpath, value=//android.widget.TextView[@text=&apos;Bookmark&apos;]}] Result: An element could not be located on the page using the given search parameters. (WARNING: The server did not provide any stacktrace information)
Command duration or timeout: 306 milliseconds
For documentation on this error, please visit: http://seleniumhq.org/exceptions/no_such_element.html
Build info: version: &apos;2.53.0&apos;, revision: &apos;35ae25b1534ae328c771e0856c93e187490ca824&apos;, time: &apos;2016-03-15 10:43:46&apos;
System info: host: &apos;ICPL11544&apos;, ip: &apos;192.168.32.2&apos;, os.name: &apos;Windows 8&apos;, os.arch: &apos;amd64&apos;, os.version: &apos;6.2&apos;, java.version: &apos;1.7.0_51&apos;
*** Element info: {Using=xpath, value=//android.widget.TextView[@text=&apos;Bookmark&apos;]}
Session ID: cc65d9ef-444b-40ba-a011-1b1aa83381e8
Driver info: com.qmetry.qaf.automation.ui.webdriver.QAFExtendedWebDriver
Capabilities [{automationName=Appium, platform=LINUX, javascriptEnabled=true, driver.class=io.appium.java_client.android.AndroidDriver, appActivity=com.jquiz.act.StartActivity, deviceModel=Samsung Galaxy Note 3 - 4.3 - API 18 - 1080x1920, networkConnectionEnabled=true, desired={automationName=Appium, newCommandTimeout=1000, cssSelectorsEnabled=true, javascriptEnabled=true, deviceName=emulator-5554, platformName=Android, driver.class=io.appium.java_client.android.AndroidDriver, appActivity=com.jquiz.act.StartActivity, appium-version=3.3.0, browser_name=, appPackage=com.jquiz.act, takesScreenshot=true}, locationContextEnabled=false, deviceUDID=192.168.32.101:5555, appPackage=com.jquiz.act, newCommandTimeout=1000, platformVersion=4.3, databaseEnabled=false, cssSelectorsEnabled=true, deviceScreenSize=1080x1920, deviceName=192.168.32.101:5555, platformName=Android, deviceManufacturer=Genymotion, appium-version=3.3.0, browser_name=, webStorageEnabled=false, warnings={}, takesScreenshot=true}]
[WebDriverCommandLogger] - Executing findElement parameters: {&quot;using&quot;:&quot;xpath&quot;,&quot;value&quot;:&quot;//android.widget.TextView[@text=&apos;Bookmark&apos;]&quot;}
[WebDriverCommandLogger] - command: findElement[ param-1: {using=xpath, value=//android.widget.TextView[@text=&apos;Bookmark&apos;]}] Result: id: 48
[WebDriverCommandLogger] - Executing clickElement element: By.xpath: //android.widget.TextView[@text=&apos;Bookmark&apos;] parameters: {&quot;id&quot;:&quot;48&quot;}
[WebDriverCommandLogger] - command: clickElement[ param-1: By.xpath: //android.widget.TextView[@text=&apos;Bookmark&apos;] param-2: {&quot;id&quot;:&quot;48&quot;}] Result: clickElement:true
[WebDriverCommandLogger] - Executing findElement parameters: {&quot;using&quot;:&quot;xpath&quot;,&quot;value&quot;:&quot;//*[@resource-id=&apos;android:id/up&apos;]&quot;}
[WebDriverCommandLogger] - command: findElement[ param-1: {using=xpath, value=//*[@resource-id=&apos;android:id/up&apos;]}] Result: id: 49
[WebDriverCommandLogger] - Executing clickElement element: By.xpath: //*[@resource-id=&apos;android:id/up&apos;] parameters: {&quot;id&quot;:&quot;49&quot;}
[WebDriverCommandLogger] - command: clickElement[ param-1: By.xpath: //*[@resource-id=&apos;android:id/up&apos;] param-2: {&quot;id&quot;:&quot;49&quot;}] Result: clickElement:true
[WebDriverCommandLogger] - Executing findElement parameters: {&quot;using&quot;:&quot;xpath&quot;,&quot;value&quot;:&quot;//android.widget.Button[@text=&apos;Yes&apos;]&quot;}
[WebDriverCommandLogger] - command: findElement[ param-1: {using=xpath, value=//android.widget.Button[@text=&apos;Yes&apos;]}] Result: id: 50
[WebDriverCommandLogger] - Executing clickElement element: By.xpath: //android.widget.Button[@text=&apos;Yes&apos;] parameters: {&quot;id&quot;:&quot;50&quot;}
[WebDriverCommandLogger] - command: clickElement[ param-1: By.xpath: //android.widget.Button[@text=&apos;Yes&apos;] param-2: {&quot;id&quot;:&quot;50&quot;}] Result: clickElement:true
[WebDriverCommandLogger] - Executing findElements parameters: {&quot;using&quot;:&quot;xpath&quot;,&quot;value&quot;:&quot;//android.widget.ImageView[@instance=&apos;8&apos;]&quot;}
[WebDriverCommandLogger] - command: findElements[ param-1: {using=xpath, value=//android.widget.ImageView[@instance=&apos;8&apos;]}] Result: [id: 51]
[WebDriverCommandLogger] - Executing findElement parameters: {&quot;using&quot;:&quot;xpath&quot;,&quot;value&quot;:&quot;//android.widget.ImageView[@instance=&apos;8&apos;]&quot;}
[WebDriverCommandLogger] - command: findElement[ param-1: {using=xpath, value=//android.widget.ImageView[@instance=&apos;8&apos;]}] Result: id: 52
[WebDriverCommandLogger] - Executing isElementDisplayed element: By.xpath: //android.widget.ImageView[@instance=&apos;8&apos;] parameters: {&quot;id&quot;:&quot;52&quot;}
[WebDriverCommandLogger] - command: isElementDisplayed[ param-1: By.xpath: //android.widget.ImageView[@instance=&apos;8&apos;] param-2: {&quot;id&quot;:&quot;52&quot;}] Result: isElementDisplayed:true
[WebDriverCommandLogger] - Executing findElement parameters: {&quot;using&quot;:&quot;xpath&quot;,&quot;value&quot;:&quot;//android.widget.ImageView[@instance=&apos;8&apos;]&quot;}
[WebDriverCommandLogger] - command: findElement[ param-1: {using=xpath, value=//android.widget.ImageView[@instance=&apos;8&apos;]}] Result: id: 53
[WebDriverCommandLogger] - Executing clickElement element: By.xpath: //android.widget.ImageView[@instance=&apos;8&apos;] parameters: {&quot;id&quot;:&quot;53&quot;}
[WebDriverCommandLogger] - command: clickElement[ param-1: By.xpath: //android.widget.ImageView[@instance=&apos;8&apos;] param-2: {&quot;id&quot;:&quot;53&quot;}] Result: clickElement:true
[WebDriverCommandLogger] - Executing findElements parameters: {&quot;using&quot;:&quot;xpath&quot;,&quot;value&quot;:&quot;//android.widget.TextView[@text=&apos;ACT English&apos;]&quot;}
[WebDriverCommandLogger] - command: findElements[ param-1: {using=xpath, value=//android.widget.TextView[@text=&apos;ACT English&apos;]}] Result: [id: 54]
[WebDriverCommandLogger] - Executing findElement parameters: {&quot;using&quot;:&quot;xpath&quot;,&quot;value&quot;:&quot;//android.widget.TextView[@text=&apos;ACT English&apos;]&quot;}
[WebDriverCommandLogger] - command: findElement[ param-1: {using=xpath, value=//android.widget.TextView[@text=&apos;ACT English&apos;]}] Result: id: 55
[WebDriverCommandLogger] - Executing clickElement element: By.xpath: //android.widget.TextView[@text=&apos;ACT English&apos;] parameters: {&quot;id&quot;:&quot;55&quot;}
[WebDriverCommandLogger] - command: clickElement[ param-1: By.xpath: //android.widget.TextView[@text=&apos;ACT English&apos;] param-2: {&quot;id&quot;:&quot;55&quot;}] Result: clickElement:true
[WebDriverCommandLogger] - Executing findElements parameters: {&quot;using&quot;:&quot;xpath&quot;,&quot;value&quot;:&quot;//android.widget.TextView[@text=&apos;View&apos;]&quot;}
[WebDriverCommandLogger] - command: findElements[ param-1: {using=xpath, value=//android.widget.TextView[@text=&apos;View&apos;]}] Result: [id: 56]
[WebDriverCommandLogger] - Executing findElement parameters: {&quot;using&quot;:&quot;xpath&quot;,&quot;value&quot;:&quot;//android.widget.TextView[@text=&apos;View&apos;]&quot;}
[WebDriverCommandLogger] - command: findElement[ param-1: {using=xpath, value=//android.widget.TextView[@text=&apos;View&apos;]}] Result: id: 57
[WebDriverCommandLogger] - Executing clickElement element: By.xpath: //android.widget.TextView[@text=&apos;View&apos;] parameters: {&quot;id&quot;:&quot;57&quot;}
[WebDriverCommandLogger] - command: clickElement[ param-1: By.xpath: //android.widget.TextView[@text=&apos;View&apos;] param-2: {&quot;id&quot;:&quot;57&quot;}] Result: clickElement:true
[WebDriverCommandLogger] - Executing findElements parameters: {&quot;using&quot;:&quot;xpath&quot;,&quot;value&quot;:&quot;//android.widget.TextView[@text=&apos;Bookmarked&apos;]&quot;}
[WebDriverCommandLogger] - command: findElements[ param-1: {using=xpath, value=//android.widget.TextView[@text=&apos;Bookmarked&apos;]}] Result: [id: 58]
[WebDriverCommandLogger] - Executing findElement parameters: {&quot;using&quot;:&quot;xpath&quot;,&quot;value&quot;:&quot;//android.widget.TextView[@text=&apos;Bookmarked&apos;]&quot;}
[WebDriverCommandLogger] - command: findElement[ param-1: {using=xpath, value=//android.widget.TextView[@text=&apos;Bookmarked&apos;]}] Result: id: 59
[WebDriverCommandLogger] - Executing clickElement element: By.xpath: //android.widget.TextView[@text=&apos;Bookmarked&apos;] parameters: {&quot;id&quot;:&quot;59&quot;}
[WebDriverCommandLogger] - command: clickElement[ param-1: By.xpath: //android.widget.TextView[@text=&apos;Bookmarked&apos;] param-2: {&quot;id&quot;:&quot;59&quot;}] Result: clickElement:true
Question:      bookmark.ques
[WebDriverCommandLogger] - Executing findElements parameters: {&quot;using&quot;:&quot;xpath&quot;,&quot;value&quot;:&quot;//android.widget.ListView//android.widget.RelativeLayout//android.widget.TextView&quot;}
[WebDriverCommandLogger] - command: findElements[ param-1: {using=xpath, value=//android.widget.ListView//android.widget.RelativeLayout//android.widget.TextView}] Result: [id: 60]
[WebDriverCommandLogger] - Executing getElementText element: By.xpath: //android.widget.ListView//android.widget.RelativeLayout//android.widget.TextView parameters: {&quot;id&quot;:&quot;60&quot;}
[WebDriverCommandLogger] - command: getElementText[ param-1: By.xpath: //android.widget.ListView//android.widget.RelativeLayout//android.widget.TextView param-2: {&quot;id&quot;:&quot;60&quot;}] Result: getElementText:(1): Choose the one that best expresses the idea, makes the statement appropriate for standard written English
Question:      By.xpath: //android.widget.ListView//android.widget.RelativeLayout//android.widget.TextView
Bookmarked question is present in the list 
Expected: &lt;true&gt;
     Actual: was &lt;false&gt;
[WebDriverCommandLogger] - Executing screenshot parameters: {}
[QAFTestBase] - Capturing screen shotbookmarkAQuestion_1t0d8gj1g3yq529992.png
</system-out>
    <system-err>log4j:WARN No such property [follow] in org.apache.log4j.FileAppender.
</system-err>
  </testcase>
</testsuite>