<?xml version="1.0" encoding="UTF-8" ?>
<testsuite failures="1" time="97.018" errors="0" skipped="0" tests="1" name="TestSuite">
  <properties>
[...]
</properties>
  <testcase time="83.669" classname="com.act_test.Test.ActTest" name="takeAQuiz">
    <failure message="Timed out after 30 seconds: Wait time out for TextView for Correct 110 to be visible
Build info: version: &apos;2.53.0&apos;, revision: &apos;35ae25b1534ae328c771e0856c93e187490ca824&apos;, time: &apos;2016-03-15 10:43:46&apos;
System info: host: &apos;ICPL11544&apos;, ip: &apos;192.168.32.2&apos;, os.name: &apos;Windows 8&apos;, os.arch: &apos;amd64&apos;, os.version: &apos;6.2&apos;, java.version: &apos;1.7.0_51&apos;
Driver info: driver.version: unknown" type="org.openqa.selenium.TimeoutException">org.openqa.selenium.TimeoutException: Timed out after 30 seconds: Wait time out for TextView for Correct 110 to be visible
Build info: version: &apos;2.53.0&apos;, revision: &apos;35ae25b1534ae328c771e0856c93e187490ca824&apos;, time: &apos;2016-03-15 10:43:46&apos;
System info: host: &apos;ICPL11544&apos;, ip: &apos;192.168.32.2&apos;, os.name: &apos;Windows 8&apos;, os.arch: &apos;amd64&apos;, os.version: &apos;6.2&apos;, java.version: &apos;1.7.0_51&apos;
Driver info: driver.version: unknown
	at org.openqa.selenium.support.ui.FluentWait.timeoutException(FluentWait.java:292)
	at org.openqa.selenium.support.ui.FluentWait.until(FluentWait.java:261)
	at com.qmetry.qaf.automation.ui.webdriver.QAFExtendedWebElement.waitForVisible(QAFExtendedWebElement.java:478)
	at com.act_test.Pages.AttemptquestionsTestPage.verifyResult(AttemptquestionsTestPage.java:78)
	at com.act_test.Test.ActTest.takeAQuiz(ActTest.java:45)
</failure>
    <system-out>[ConfigurationManager] - ISFW build info: {qaf-Build-Time=03-Jan-2017 14:01:00, qaf-Revision=10, qaf-Type=core, qaf-Version=2.1}
[ConfigurationManager] - Resource dir: D:\ACT_Test_TM\resources. Found property files to load: 3
[ConfigurationManager] - Resource dir: D:\ACT_Test_TM\resources. Found property files to load: 0
[QAFTestBase] - Initializing Driver...browser_str:appiumDriver,base_url:http://localhost:4723/wd/hub,sel_server:localhost,port:4723
[UiDriverFactory] - Driver: appiumDriver
driver init done
[WebDriverCommandLogger] - Executing findElements parameters: {&quot;using&quot;:&quot;id&quot;,&quot;value&quot;:&quot;com.jquiz.act:id/tvLoading&quot;}
[WebDriverCommandLogger] - command: findElements[ param-1: {using=id, value=com.jquiz.act:id/tvLoading}] Result: [id: 1]
[WebDriverCommandLogger] - Executing findElement parameters: {&quot;using&quot;:&quot;id&quot;,&quot;value&quot;:&quot;com.jquiz.act:id/tvLoading&quot;}
[WebDriverCommandLogger] - command: findElement[ param-1: {using=id, value=com.jquiz.act:id/tvLoading}] Result: id: 2
[WebDriverCommandLogger] - Executing isElementDisplayed element: By.id: com.jquiz.act:id/tvLoading parameters: {&quot;id&quot;:&quot;2&quot;}
[WebDriverCommandLogger] - command: isElementDisplayed[ param-1: By.id: com.jquiz.act:id/tvLoading param-2: {&quot;id&quot;:&quot;2&quot;}] Result: isElementDisplayed:true
[WebDriverCommandLogger] - Executing findElements parameters: {&quot;using&quot;:&quot;id&quot;,&quot;value&quot;:&quot;com.jquiz.act:id/tvLoading&quot;}
[WebDriverCommandLogger] - command: findElements[ param-1: {using=id, value=com.jquiz.act:id/tvLoading}] Result: [id: 3]
[WebDriverCommandLogger] - Executing findElement parameters: {&quot;using&quot;:&quot;id&quot;,&quot;value&quot;:&quot;com.jquiz.act:id/tvLoading&quot;}
[WebDriverCommandLogger] - command: findElement[ param-1: {using=id, value=com.jquiz.act:id/tvLoading}] Result: id: 4
[WebDriverCommandLogger] - Executing isElementDisplayed element: By.id: com.jquiz.act:id/tvLoading parameters: {&quot;id&quot;:&quot;4&quot;}
[WebDriverCommandLogger] - command: isElementDisplayed[ param-1: By.id: com.jquiz.act:id/tvLoading param-2: {&quot;id&quot;:&quot;4&quot;}] Result: isElementDisplayed:true
[WebDriverCommandLogger] - Executing findElements parameters: {&quot;using&quot;:&quot;id&quot;,&quot;value&quot;:&quot;com.jquiz.act:id/tvLoading&quot;}
[WebDriverCommandLogger] - command: findElements[ param-1: {using=id, value=com.jquiz.act:id/tvLoading}] Result: [id: 5]
[WebDriverCommandLogger] - Executing findElement parameters: {&quot;using&quot;:&quot;id&quot;,&quot;value&quot;:&quot;com.jquiz.act:id/tvLoading&quot;}
[WebDriverCommandLogger] - command: findElement[ param-1: {using=id, value=com.jquiz.act:id/tvLoading}] Result: id: 6
[WebDriverCommandLogger] - Executing isElementDisplayed element: By.id: com.jquiz.act:id/tvLoading parameters: {&quot;id&quot;:&quot;6&quot;}
[WebDriverCommandLogger] - command: isElementDisplayed[ param-1: By.id: com.jquiz.act:id/tvLoading param-2: {&quot;id&quot;:&quot;6&quot;}] Result: isElementDisplayed:true
[WebDriverCommandLogger] - Executing findElements parameters: {&quot;using&quot;:&quot;id&quot;,&quot;value&quot;:&quot;com.jquiz.act:id/tvLoading&quot;}
[WebDriverCommandLogger] - command: findElements[ param-1: {using=id, value=com.jquiz.act:id/tvLoading}] Result: [id: 7]
[WebDriverCommandLogger] - Executing findElement parameters: {&quot;using&quot;:&quot;id&quot;,&quot;value&quot;:&quot;com.jquiz.act:id/tvLoading&quot;}
[WebDriverCommandLogger] - command: findElement[ param-1: {using=id, value=com.jquiz.act:id/tvLoading}] Result: id: 8
[WebDriverCommandLogger] - Executing isElementDisplayed element: By.id: com.jquiz.act:id/tvLoading parameters: {&quot;id&quot;:&quot;8&quot;}
[WebDriverCommandLogger] - command: isElementDisplayed[ param-1: By.id: com.jquiz.act:id/tvLoading param-2: {&quot;id&quot;:&quot;8&quot;}] Result: isElementDisplayed:true
[WebDriverCommandLogger] - Executing findElements parameters: {&quot;using&quot;:&quot;id&quot;,&quot;value&quot;:&quot;com.jquiz.act:id/tvLoading&quot;}
[WebDriverCommandLogger] - command: findElements[ param-1: {using=id, value=com.jquiz.act:id/tvLoading}] Result: [id: 9]
[WebDriverCommandLogger] - Executing findElement parameters: {&quot;using&quot;:&quot;id&quot;,&quot;value&quot;:&quot;com.jquiz.act:id/tvLoading&quot;}
[WebDriverCommandLogger] - command: findElement[ param-1: {using=id, value=com.jquiz.act:id/tvLoading}] Result: id: 10
[WebDriverCommandLogger] - Executing isElementDisplayed element: By.id: com.jquiz.act:id/tvLoading parameters: {&quot;id&quot;:&quot;10&quot;}
[WebDriverCommandLogger] - command: isElementDisplayed[ param-1: By.id: com.jquiz.act:id/tvLoading param-2: {&quot;id&quot;:&quot;10&quot;}] Result: isElementDisplayed:true
[WebDriverCommandLogger] - Executing findElements parameters: {&quot;using&quot;:&quot;id&quot;,&quot;value&quot;:&quot;com.jquiz.act:id/tvLoading&quot;}
[WebDriverCommandLogger] - command: findElements[ param-1: {using=id, value=com.jquiz.act:id/tvLoading}] Result: []
[WebDriverCommandLogger] - Executing findElements parameters: {&quot;using&quot;:&quot;xpath&quot;,&quot;value&quot;:&quot;//android.widget.ImageView&quot;}
[WebDriverCommandLogger] - command: findElements[ param-1: {using=xpath, value=//android.widget.ImageView}] Result: [id: 11, id: 12, id: 13, id: 14, id: 15, id: 16, id: 17, id: 18, id: 19]
false
[WebDriverCommandLogger] - Executing findElements parameters: {&quot;using&quot;:&quot;xpath&quot;,&quot;value&quot;:&quot;//android.widget.ImageView&quot;}
[WebDriverCommandLogger] - command: findElements[ param-1: {using=xpath, value=//android.widget.ImageView}] Result: [id: 20, id: 21, id: 22, id: 23, id: 24, id: 25, id: 26, id: 27, id: 28]
9&lt;-------------------------------------------------------size
[WebDriverCommandLogger] - Executing findElements parameters: {&quot;using&quot;:&quot;xpath&quot;,&quot;value&quot;:&quot;//android.widget.ImageView&quot;}
[WebDriverCommandLogger] - command: findElements[ param-1: {using=xpath, value=//android.widget.ImageView}] Result: [id: 29, id: 30, id: 31, id: 32, id: 33, id: 34, id: 35, id: 36, id: 37]
[WebDriverCommandLogger] - Executing clickElement element: By.xpath: //android.widget.ImageView parameters: {&quot;id&quot;:&quot;30&quot;}
[WebDriverCommandLogger] - command: clickElement[ param-1: By.xpath: //android.widget.ImageView param-2: {&quot;id&quot;:&quot;30&quot;}] Result: clickElement:true
1
[WebDriverCommandLogger] - Executing findElement parameters: {&quot;using&quot;:&quot;xpath&quot;,&quot;value&quot;:&quot;//android.widget.TextView[@text=&apos;Take a quiz&apos;]&quot;}
[WebDriverCommandLogger] - command: findElement[ param-1: {using=xpath, value=//android.widget.TextView[@text=&apos;Take a quiz&apos;]}] Result: id: 38
[WebDriverCommandLogger] - Executing getElementText element: By.xpath: //android.widget.TextView[@text=&apos;Take a quiz&apos;] parameters: {&quot;id&quot;:&quot;38&quot;}
[WebDriverCommandLogger] - command: getElementText[ param-1: By.xpath: //android.widget.TextView[@text=&apos;Take a quiz&apos;] param-2: {&quot;id&quot;:&quot;38&quot;}] Result: getElementText:Take a quiz

Expected: a string containing &quot;Take a quiz&quot;
     Actual: was &quot;Take a quiz&quot;
[WebDriverCommandLogger] - Executing screenshot parameters: {}
[QAFTestBase] - Capturing screen shottakeAQuiz_bbf4qsjmwjwb15348.png
[WebDriverCommandLogger] - Executing findElements parameters: {&quot;using&quot;:&quot;xpath&quot;,&quot;value&quot;:&quot;//android.widget.Button[@text=&apos;Start&apos;]&quot;}
[WebDriverCommandLogger] - command: findElements[ param-1: {using=xpath, value=//android.widget.Button[@text=&apos;Start&apos;]}] Result: [id: 39]
[WebDriverCommandLogger] - Executing findElement parameters: {&quot;using&quot;:&quot;xpath&quot;,&quot;value&quot;:&quot;//android.widget.Button[@text=&apos;Start&apos;]&quot;}
[WebDriverCommandLogger] - command: findElement[ param-1: {using=xpath, value=//android.widget.Button[@text=&apos;Start&apos;]}] Result: id: 40
[WebDriverCommandLogger] - Executing isElementDisplayed element: By.xpath: //android.widget.Button[@text=&apos;Start&apos;] parameters: {&quot;id&quot;:&quot;40&quot;}
[WebDriverCommandLogger] - command: isElementDisplayed[ param-1: By.xpath: //android.widget.Button[@text=&apos;Start&apos;] param-2: {&quot;id&quot;:&quot;40&quot;}] Result: isElementDisplayed:true
[WebDriverCommandLogger] - Executing findElement parameters: {&quot;using&quot;:&quot;xpath&quot;,&quot;value&quot;:&quot;//android.widget.Button[@text=&apos;Start&apos;]&quot;}
[WebDriverCommandLogger] - command: findElement[ param-1: {using=xpath, value=//android.widget.Button[@text=&apos;Start&apos;]}] Result: id: 41
[WebDriverCommandLogger] - Executing clickElement element: By.xpath: //android.widget.Button[@text=&apos;Start&apos;] parameters: {&quot;id&quot;:&quot;41&quot;}
[WebDriverCommandLogger] - command: clickElement[ param-1: By.xpath: //android.widget.Button[@text=&apos;Start&apos;] param-2: {&quot;id&quot;:&quot;41&quot;}] Result: clickElement:true
[WebDriverCommandLogger] - Executing findElements parameters: {&quot;using&quot;:&quot;xpath&quot;,&quot;value&quot;:&quot;//android.widget.HorizontalScrollView//android.widget.TextView&quot;}
[WebDriverCommandLogger] - command: findElements[ param-1: {using=xpath, value=//android.widget.HorizontalScrollView//android.widget.TextView}] Result: []
[WebDriverCommandLogger] - Executing findElements parameters: {&quot;using&quot;:&quot;id&quot;,&quot;value&quot;:&quot;com.jquiz.act:id/btn_finish&quot;}
[WebDriverCommandLogger] - command: findElements[ param-1: {using=id, value=com.jquiz.act:id/btn_finish}] Result: []
[WebDriverCommandLogger] - Executing findElements parameters: {&quot;using&quot;:&quot;id&quot;,&quot;value&quot;:&quot;com.jquiz.act:id/tvTitle&quot;}
[WebDriverCommandLogger] - command: findElements[ param-1: {using=id, value=com.jquiz.act:id/tvTitle}] Result: []
[WebDriverCommandLogger] - Executing findElements parameters: {&quot;using&quot;:&quot;id&quot;,&quot;value&quot;:&quot;com.jquiz.act:id/tvTitle&quot;}
[WebDriverCommandLogger] - command: findElements[ param-1: {using=id, value=com.jquiz.act:id/tvTitle}] Result: []
[WebDriverCommandLogger] - Executing findElements parameters: {&quot;using&quot;:&quot;id&quot;,&quot;value&quot;:&quot;com.jquiz.act:id/tvTitle&quot;}
[WebDriverCommandLogger] - command: findElements[ param-1: {using=id, value=com.jquiz.act:id/tvTitle}] Result: []
[WebDriverCommandLogger] - Executing findElements parameters: {&quot;using&quot;:&quot;id&quot;,&quot;value&quot;:&quot;com.jquiz.act:id/tvTitle&quot;}
[WebDriverCommandLogger] - command: findElements[ param-1: {using=id, value=com.jquiz.act:id/tvTitle}] Result: []
[WebDriverCommandLogger] - Executing findElements parameters: {&quot;using&quot;:&quot;id&quot;,&quot;value&quot;:&quot;com.jquiz.act:id/tvTitle&quot;}
[WebDriverCommandLogger] - command: findElements[ param-1: {using=id, value=com.jquiz.act:id/tvTitle}] Result: []
[WebDriverCommandLogger] - Executing findElements parameters: {&quot;using&quot;:&quot;id&quot;,&quot;value&quot;:&quot;com.jquiz.act:id/tvTitle&quot;}
[WebDriverCommandLogger] - command: findElements[ param-1: {using=id, value=com.jquiz.act:id/tvTitle}] Result: []
[WebDriverCommandLogger] - Executing findElements parameters: {&quot;using&quot;:&quot;id&quot;,&quot;value&quot;:&quot;com.jquiz.act:id/tvTitle&quot;}
[WebDriverCommandLogger] - command: findElements[ param-1: {using=id, value=com.jquiz.act:id/tvTitle}] Result: []
[WebDriverCommandLogger] - Executing findElements parameters: {&quot;using&quot;:&quot;id&quot;,&quot;value&quot;:&quot;com.jquiz.act:id/tvTitle&quot;}
[WebDriverCommandLogger] - command: findElements[ param-1: {using=id, value=com.jquiz.act:id/tvTitle}] Result: []
[WebDriverCommandLogger] - Executing findElements parameters: {&quot;using&quot;:&quot;id&quot;,&quot;value&quot;:&quot;com.jquiz.act:id/tvTitle&quot;}
[WebDriverCommandLogger] - command: findElements[ param-1: {using=id, value=com.jquiz.act:id/tvTitle}] Result: []
[WebDriverCommandLogger] - Executing findElements parameters: {&quot;using&quot;:&quot;id&quot;,&quot;value&quot;:&quot;com.jquiz.act:id/tvTitle&quot;}
[WebDriverCommandLogger] - command: findElements[ param-1: {using=id, value=com.jquiz.act:id/tvTitle}] Result: []
[WebDriverCommandLogger] - Executing findElements parameters: {&quot;using&quot;:&quot;id&quot;,&quot;value&quot;:&quot;com.jquiz.act:id/tvTitle&quot;}
[WebDriverCommandLogger] - command: findElements[ param-1: {using=id, value=com.jquiz.act:id/tvTitle}] Result: []
[WebDriverCommandLogger] - Executing findElements parameters: {&quot;using&quot;:&quot;id&quot;,&quot;value&quot;:&quot;com.jquiz.act:id/tvTitle&quot;}
[WebDriverCommandLogger] - command: findElements[ param-1: {using=id, value=com.jquiz.act:id/tvTitle}] Result: []
[WebDriverCommandLogger] - Executing findElements parameters: {&quot;using&quot;:&quot;id&quot;,&quot;value&quot;:&quot;com.jquiz.act:id/tvTitle&quot;}
[WebDriverCommandLogger] - command: findElements[ param-1: {using=id, value=com.jquiz.act:id/tvTitle}] Result: []
[WebDriverCommandLogger] - Executing findElements parameters: {&quot;using&quot;:&quot;id&quot;,&quot;value&quot;:&quot;com.jquiz.act:id/tvTitle&quot;}
[WebDriverCommandLogger] - command: findElements[ param-1: {using=id, value=com.jquiz.act:id/tvTitle}] Result: []
[WebDriverCommandLogger] - Executing findElements parameters: {&quot;using&quot;:&quot;id&quot;,&quot;value&quot;:&quot;com.jquiz.act:id/tvTitle&quot;}
[WebDriverCommandLogger] - command: findElements[ param-1: {using=id, value=com.jquiz.act:id/tvTitle}] Result: []
[WebDriverCommandLogger] - Executing findElements parameters: {&quot;using&quot;:&quot;id&quot;,&quot;value&quot;:&quot;com.jquiz.act:id/tvTitle&quot;}
[WebDriverCommandLogger] - command: findElements[ param-1: {using=id, value=com.jquiz.act:id/tvTitle}] Result: []
[WebDriverCommandLogger] - Executing findElements parameters: {&quot;using&quot;:&quot;id&quot;,&quot;value&quot;:&quot;com.jquiz.act:id/tvTitle&quot;}
[WebDriverCommandLogger] - command: findElements[ param-1: {using=id, value=com.jquiz.act:id/tvTitle}] Result: []
[WebDriverCommandLogger] - Executing findElements parameters: {&quot;using&quot;:&quot;id&quot;,&quot;value&quot;:&quot;com.jquiz.act:id/tvTitle&quot;}
[WebDriverCommandLogger] - command: findElements[ param-1: {using=id, value=com.jquiz.act:id/tvTitle}] Result: []
[QAFInvokedMethodListener2] - org.openqa.selenium.TimeoutException: Timed out after 30 seconds: Wait time out for TextView for Correct 110 to be visible
Build info: version: &apos;2.53.0&apos;, revision: &apos;35ae25b1534ae328c771e0856c93e187490ca824&apos;, time: &apos;2016-03-15 10:43:46&apos;
System info: host: &apos;ICPL11544&apos;, ip: &apos;192.168.32.2&apos;, os.name: &apos;Windows 8&apos;, os.arch: &apos;amd64&apos;, os.version: &apos;6.2&apos;, java.version: &apos;1.7.0_51&apos;
Driver info: driver.version: unknown
[WebDriverCommandLogger] - Executing screenshot parameters: {}
[QAFTestBase] - Capturing screen shottakeAQuiz_1k230tawy688s15349.png
</system-out>
    <system-err>log4j:WARN No such property [follow] in org.apache.log4j.FileAppender.
</system-err>
  </testcase>
</testsuite>